<?xml version="1.0" encoding="utf-8"?><testsuites name="pytest tests"><testsuite name="pytest" errors="0" failures="0" skipped="0" tests="13" time="3.624" timestamp="2026-04-25T21:29:09.641365+00:00" hostname="agent-env-92baa4f5-d7e1-43a9-bd5e-87c46b87ecac"><testcase classname="backend.tests.test_image_storage" name="test_upload_png" time="0.665" /><testcase classname="backend.tests.test_image_storage" name="test_upload_jpg" time="0.212" /><testcase classname="backend.tests.test_image_storage" name="test_upload_unsupported_type" time="0.101" /><testcase classname="backend.tests.test_image_storage" name="test_upload_too_large" time="0.665" /><testcase classname="backend.tests.test_image_storage" name="test_upload_no_auth" time="0.145" /><testcase classname="backend.tests.test_image_storage" name="test_serve_with_bearer_header" time="0.501" /><testcase classname="backend.tests.test_image_storage" name="test_serve_with_query_auth" time="0.220" /><testcase classname="backend.tests.test_image_storage" name="test_serve_no_auth" time="0.115" /><testcase classname="backend.tests.test_image_storage" name="test_serve_unknown_path" time="0.118" /><testcase classname="backend.tests.test_image_storage" name="test_create_stock_master_with_5_images_ok" time="0.220" /><testcase classname="backend.tests.test_image_storage" name="test_create_stock_master_with_6_images_rejected" time="0.135" /><testcase classname="backend.tests.test_image_storage" name="test_update_stock_master_with_6_images_rejected" time="0.339" /><testcase classname="backend.tests.test_image_storage" name="test_stock_balance_has_images_field" time="0.113" /></testsuite></testsuites>