<?xml version="1.0" encoding="utf-8"?><testsuites name="pytest tests"><testsuite name="pytest" errors="0" failures="0" skipped="1" tests="6" time="0.967" timestamp="2026-04-25T17:15:26.901180+00:00" hostname="agent-env-57bd5536-ee7c-4b0d-880b-12b989b69921"><testcase classname="backend.tests.test_issue_note_lookup.TestIssueLookup" name="test_lookup_returns_only_positive_stock_makes" time="0.571" /><testcase classname="backend.tests.test_issue_note_lookup.TestIssueLookup" name="test_lookup_unknown_part_returns_empty" time="0.052" /><testcase classname="backend.tests.test_issue_note_lookup.TestIssueLookup" name="test_lookup_zero_balance_make_excluded" time="0.000"><skipped type="pytest.skip" message="No zero-stock (part, make) in current data">/app/backend/tests/test_issue_note_lookup.py:80: No zero-stock (part, make) in current data</skipped></testcase><testcase classname="backend.tests.test_issue_note_lookup.TestIssueQtyValidation" name="test_post_rejects_overstock" time="0.046" /><testcase classname="backend.tests.test_issue_note_lookup.TestIssueQtyValidation" name="test_post_accepts_within_stock_then_put_rejects_overstock" time="0.140" /><testcase classname="backend.tests.test_issue_note_lookup.TestIssueQtyValidation" name="test_post_accepts_qty_equal_to_available" time="0.099" /></testsuite></testsuites>