<?xml version="1.0" encoding="utf-8"?><testsuites name="pytest tests"><testsuite name="pytest" errors="0" failures="0" skipped="0" tests="15" time="1.914" timestamp="2026-04-25T16:56:43.815850+00:00" hostname="agent-env-57bd5536-ee7c-4b0d-880b-12b989b69921"><testcase classname="backend.tests.test_issue_picking_notes.TestIssueNoteCreate" name="test_next_no_format" time="0.509" /><testcase classname="backend.tests.test_issue_picking_notes.TestIssueNoteCreate" name="test_post_requires_items" time="0.043" /><testcase classname="backend.tests.test_issue_picking_notes.TestIssueNoteCreate" name="test_post_qty_must_be_positive" time="0.092" /><testcase classname="backend.tests.test_issue_picking_notes.TestPrepareEndpoint" name="test_prepare_returns_items" time="0.097" /><testcase classname="backend.tests.test_issue_picking_notes.TestPickingNoteFlow" name="test_partial_pick_flips_in_to_partially_picked" time="0.116" /><testcase classname="backend.tests.test_issue_picking_notes.TestPickingNoteFlow" name="test_cumulative_overalloc_blocked" time="0.050" /><testcase classname="backend.tests.test_issue_picking_notes.TestPickingNoteFlow" name="test_prepare_with_exclude_pn_id_restores_pending" time="0.049" /><testcase classname="backend.tests.test_issue_picking_notes.TestPickingNoteFlow" name="test_in_edit_blocked_when_pn_exists" time="0.053" /><testcase classname="backend.tests.test_issue_picking_notes.TestPickingNoteFlow" name="test_in_delete_blocked_when_pn_exists" time="0.063" /><testcase classname="backend.tests.test_issue_picking_notes.TestPickingNoteFlow" name="test_put_picking_note_excludes_self" time="0.108" /><testcase classname="backend.tests.test_issue_picking_notes.TestPickingNoteFlow" name="test_post_blocked_after_fully_picked" time="0.043" /><testcase classname="backend.tests.test_issue_picking_notes.TestPickingNoteFlow" name="test_record_creates_out_transactions" time="0.237" /><testcase classname="backend.tests.test_issue_picking_notes.TestPickingNoteFlow" name="test_recorded_pn_cannot_be_deleted" time="0.048" /><testcase classname="backend.tests.test_issue_picking_notes.TestPerLocationConstraint" name="test_per_location_overpick_blocked" time="0.179" /><testcase classname="backend.tests.test_issue_picking_notes.TestStatusFilter" name="test_not_status_filter_excludes_fully_picked" time="0.138" /></testsuite></testsuites>