<?xml version="1.0" encoding="utf-8"?><testsuites name="pytest tests"><testsuite name="pytest" errors="0" failures="1" skipped="1" tests="22" time="3.156" timestamp="2026-04-28T09:50:00.653841+00:00" hostname="agent-env-2894961c-dc8e-4b0d-b3e1-20592fed24c9"><testcase classname="backend.tests.test_iter20_regression.TestAuthAndCore" name="test_login_returns_token_and_user" time="0.435" /><testcase classname="backend.tests.test_iter20_regression.TestAuthAndCore" name="test_login_bad_creds" time="0.361" /><testcase classname="backend.tests.test_iter20_regression.TestAuthAndCore" name="test_me" time="0.494" /><testcase classname="backend.tests.test_iter20_regression.TestAuthAndCore" name="test_modules" time="0.050" /><testcase classname="backend.tests.test_iter20_regression.TestAuthAndCore" name="test_dashboard_stats" time="0.087" /><testcase classname="backend.tests.test_iter20_regression.TestAuthAndCore" name="test_godowns_racks_boxes" time="0.151" /><testcase classname="backend.tests.test_iter20_regression.TestAuthAndCore" name="test_stock_balance" time="0.061" /><testcase classname="backend.tests.test_iter20_regression.TestAuthAndCore" name="test_notifications" time="0.053" /><testcase classname="backend.tests.test_iter20_regression.TestAuthAndCore" name="test_users_list" time="0.054" /><testcase classname="backend.tests.test_iter20_regression.TestStockMaster" name="test_list" time="0.050" /><testcase classname="backend.tests.test_iter20_regression.TestStockMaster" name="test_create_get_update" time="0.101"><failure message="AssertionError: {&quot;detail&quot;:[{&quot;type&quot;:&quot;missing&quot;,&quot;loc&quot;:[&quot;body&quot;,&quot;part_no&quot;],&quot;msg&quot;:&quot;Field required&quot;,&quot;input&quot;:{&quot;description_1&quot;:&quot;Updated&quot;},&quot;url&quot;:&quot;https://errors.pydantic.dev/2.12/v/missing&quot;},{&quot;type&quot;:&quot;missing&quot;,&quot;loc&quot;:[&quot;body&quot;,&quot;make&quot;],&quot;msg&quot;:&quot;Field required&quot;,&quot;input&quot;:{&quot;description_1&quot;:&quot;Updated&quot;},&quot;url&quot;:&quot;https://errors.pydantic.dev/2.12/v/missing&quot;}]}&#10;assert 422 == 200&#10; +  where 422 = &lt;Response [422]&gt;.status_code">backend/tests/test_iter20_regression.py:109: in test_create_get_update
    assert u.status_code == 200, u.text
E   AssertionError: {"detail":[{"type":"missing","loc":["body","part_no"],"msg":"Field required","input":{"description_1":"Updated"},"url":"https://errors.pydantic.dev/2.12/v/missing"},{"type":"missing","loc":["body","make"],"msg":"Field required","input":{"description_1":"Updated"},"url":"https://errors.pydantic.dev/2.12/v/missing"}]}
E   assert 422 == 200
E    +  where 422 = &lt;Response [422]&gt;.status_code</failure></testcase><testcase classname="backend.tests.test_iter20_regression.TestReceiptNoteOptionalFields" name="test_next_no" time="0.051" /><testcase classname="backend.tests.test_iter20_regression.TestReceiptNoteOptionalFields" name="test_create_draft_blank_invoice_fields" time="0.268" /><testcase classname="backend.tests.test_iter20_regression.TestReceiptNoteOptionalFields" name="test_finalize_with_blank_invoice_fields" time="0.103" /><testcase classname="backend.tests.test_iter20_regression.TestReceiptNoteOptionalFields" name="test_list_filters_and_pagination" time="0.100" /><testcase classname="backend.tests.test_iter20_regression.TestReceiptNoteOptionalFields" name="test_stock_in_lookup" time="0.048" /><testcase classname="backend.tests.test_iter20_regression.TestSRNERNAutoCreate" name="test_short_received_creates_srn" time="0.152" /><testcase classname="backend.tests.test_iter20_regression.TestSRNERNAutoCreate" name="test_extra_received_creates_ern" time="0.151" /><testcase classname="backend.tests.test_iter20_regression.TestRackingNotePrepareContract" name="test_prepare_shape" time="0.147" /><testcase classname="backend.tests.test_iter20_regression.TestRackingNotePrepareContract" name="test_prepare_404_on_unknown" time="0.047" /><testcase classname="backend.tests.test_iter20_regression.TestCountersSelfHeal" name="test_can_create_after_startup" time="0.049" /><testcase classname="backend.tests.test_iter20_regression.TestModuleACL" name="test_non_admin_blocked" time="0.053"><skipped type="pytest.skip" message="could not create user: {&quot;detail&quot;:[{&quot;type&quot;:&quot;dict_type&quot;,&quot;loc&quot;:[&quot;body&quot;,&quot;module_access&quot;],&quot;msg&quot;:&quot;Input should be a valid dictionary&quot;,&quot;input&quot;:[&quot;stock_master&quot;],&quot;url&quot;:&quot;https://errors.pydantic.dev/2.12/v/dict_type&quot;}]}">/app/backend/tests/test_iter20_regression.py:274: could not create user: {"detail":[{"type":"dict_type","loc":["body","module_access"],"msg":"Input should be a valid dictionary","input":["stock_master"],"url":"https://errors.pydantic.dev/2.12/v/dict_type"}]}</skipped></testcase></testsuite></testsuites>