<?xml version="1.0" encoding="utf-8"?><testsuites name="pytest tests"><testsuite name="pytest" errors="0" failures="0" skipped="0" tests="17" time="4.796" timestamp="2026-04-28T21:22:35.415105+00:00" hostname="agent-env-5354b8b7-a329-4906-935a-e5096a32ae7b"><testcase classname="backend.tests.test_iter21_status_workflow.TestAuth" name="test_admin_login" time="0.444" /><testcase classname="backend.tests.test_iter21_status_workflow.TestSRNFlow" name="test_rn_with_shortfall_creates_pending_srn" time="0.227" /><testcase classname="backend.tests.test_iter21_status_workflow.TestSRNFlow" name="test_partial_fulfillment_marks_srn_partially_received" time="0.274" /><testcase classname="backend.tests.test_iter21_status_workflow.TestSRNFlow" name="test_full_fulfillment_marks_complete_not_legacy_label" time="0.321" /><testcase classname="backend.tests.test_iter21_status_workflow.TestSRNFlow" name="test_finalize_partial_keeps_partially_received_and_spawns_child" time="0.346" /><testcase classname="backend.tests.test_iter21_status_workflow.TestERNFlow" name="test_rn_with_overage_creates_pending_ern" time="0.207" /><testcase classname="backend.tests.test_iter21_status_workflow.TestERNFlow" name="test_partial_accept_marks_partially_accepted" time="0.360" /><testcase classname="backend.tests.test_iter21_status_workflow.TestERNFlow" name="test_fully_decided_ern_marks_complete" time="0.330" /><testcase classname="backend.tests.test_iter21_status_workflow.TestRackingFlowAgainstRN" name="test_draft_rkn_against_rn_flips_rn_to_racking_note_draft" time="0.508" /><testcase classname="backend.tests.test_iter21_status_workflow.TestRackingFlowAgainstRN" name="test_record_rkn_yields_partially_or_fully_racked" time="0.577" /><testcase classname="backend.tests.test_iter21_status_workflow.TestRnFullyRackedRequiresAllDescendants" name="test_rn_not_fully_racked_when_srn_unracked" time="0.452" /><testcase classname="backend.tests.test_iter21_status_workflow.TestRnFullyRackedRequiresAllDescendants" name="test_draft_rkn_against_srn_descendant_flips_rn_to_racking_note_draft" time="0.384" /><testcase classname="backend.tests.test_iter21_status_workflow.TestLegacyMigration" name="test_no_srn_with_fully_received_status" time="0.056" /><testcase classname="backend.tests.test_iter21_status_workflow.TestExistingEndpointsHealthy" name="test_list_endpoint_ok[/api/short-received-notes]" time="0.060" /><testcase classname="backend.tests.test_iter21_status_workflow.TestExistingEndpointsHealthy" name="test_list_endpoint_ok[/api/extra-received-notes]" time="0.052" /><testcase classname="backend.tests.test_iter21_status_workflow.TestExistingEndpointsHealthy" name="test_list_endpoint_ok[/api/racking-notes]" time="0.069" /><testcase classname="backend.tests.test_iter21_status_workflow.TestExistingEndpointsHealthy" name="test_list_endpoint_ok[/api/receipt-notes]" time="0.064" /></testsuite></testsuites>