<?xml version="1.0" encoding="utf-8"?><testsuites name="pytest tests"><testsuite name="pytest" errors="0" failures="0" skipped="0" tests="30" time="11.199" timestamp="2026-04-29T10:26:49.300339+00:00" hostname="agent-env-5354b8b7-a329-4906-935a-e5096a32ae7b"><testcase classname="tests.test_iter27_refactor_regression.TestAuth" name="test_login_success_returns_token_and_admin_user" time="0.442" /><testcase classname="tests.test_iter27_refactor_regression.TestAuth" name="test_me_no_password_hash" time="0.108" /><testcase classname="tests.test_iter27_refactor_regression.TestAuth" name="test_put_me_self_service" time="0.213" /><testcase classname="tests.test_iter27_refactor_regression.TestAuth" name="test_lockout_after_5_failed_attempts_for_temp_user" time="2.193" /><testcase classname="tests.test_iter27_refactor_regression.TestUsers" name="test_list_users" time="0.098" /><testcase classname="tests.test_iter27_refactor_regression.TestUsers" name="test_meta_modules_returns_9" time="0.096" /><testcase classname="tests.test_iter27_refactor_regression.TestUsers" name="test_create_update_delete_user_with_notifications" time="0.755" /><testcase classname="tests.test_iter27_refactor_regression.TestUsers" name="test_assignable_admin_always_included" time="0.102" /><testcase classname="tests.test_iter27_refactor_regression.TestNotifications" name="test_list_notifications" time="0.121" /><testcase classname="tests.test_iter27_refactor_regression.TestNotifications" name="test_unread_count" time="0.096" /><testcase classname="tests.test_iter27_refactor_regression.TestNotifications" name="test_mark_read" time="0.102" /><testcase classname="tests.test_iter27_refactor_regression.TestStockMaster" name="test_get_one_and_list" time="0.643" /><testcase classname="tests.test_iter27_refactor_regression.TestStockMaster" name="test_distinct_field" time="0.103" /><testcase classname="tests.test_iter27_refactor_regression.TestStockMaster" name="test_lookup_makes_and_item" time="0.226" /><testcase classname="tests.test_iter27_refactor_regression.TestStockMaster" name="test_download_template_and_export" time="0.210" /><testcase classname="tests.test_iter27_refactor_regression.TestStockMaster" name="test_column_settings_get_put" time="0.220" /><testcase classname="tests.test_iter27_refactor_regression.TestStockMaster" name="test_update_and_delete" time="0.341" /><testcase classname="tests.test_iter27_refactor_regression.TestLocations" name="test_list_godowns_racks_boxes" time="0.316" /><testcase classname="tests.test_iter27_refactor_regression.TestLocations" name="test_range_create_and_bulk_delete" time="0.108" /><testcase classname="tests.test_iter27_refactor_regression.TestUploads" name="test_upload_image_and_fetch" time="0.558" /><testcase classname="tests.test_iter27_refactor_regression.TestTransactions" name="test_stock_in_and_balance_and_out" time="0.344" /><testcase classname="tests.test_iter27_refactor_regression.TestTransactions" name="test_low_stock" time="0.108" /><testcase classname="tests.test_iter27_refactor_regression.TestTransactions" name="test_dashboard_stats" time="0.115" /><testcase classname="tests.test_iter27_refactor_regression.TestReceiptNotes" name="test_next_no_and_create_draft" time="0.484" /><testcase classname="tests.test_iter27_refactor_regression.TestVariousLookupsNextNo" name="test_srn_next_no_and_list" time="1.579" /><testcase classname="tests.test_iter27_refactor_regression.TestVariousLookupsNextNo" name="test_issue_notes_lookup_by_part_no" time="0.107" /><testcase classname="tests.test_iter27_refactor_regression.TestVariousLookupsNextNo" name="test_transfer_requests_lookup_by_part_no" time="0.116" /><testcase classname="tests.test_iter27_refactor_regression.TestItemDetails" name="test_search" time="0.101" /><testcase classname="tests.test_iter27_refactor_regression.TestItemDetails" name="test_by_part_no_and_make" time="0.108" /><testcase classname="tests.test_iter27_refactor_regression.TestModuleAccess" name="test_staff_blocked_on_disabled_module" time="1.009" /></testsuite></testsuites>