<?xml version="1.0" encoding="utf-8"?><testsuites name="pytest tests"><testsuite name="pytest" errors="0" failures="0" skipped="0" tests="69" time="42.947" timestamp="2026-04-29T13:20:42.530995+00:00" hostname="agent-env-5354b8b7-a329-4906-935a-e5096a32ae7b"><testcase classname="tests.test_iter27_refactor_regression.TestAuth" name="test_login_success_returns_token_and_admin_user" time="0.348" /><testcase classname="tests.test_iter27_refactor_regression.TestAuth" name="test_me_no_password_hash" time="0.123" /><testcase classname="tests.test_iter27_refactor_regression.TestAuth" name="test_put_me_self_service" time="0.208" /><testcase classname="tests.test_iter27_refactor_regression.TestAuth" name="test_lockout_after_5_failed_attempts_for_temp_user" time="2.206" /><testcase classname="tests.test_iter27_refactor_regression.TestUsers" name="test_list_users" time="0.104" /><testcase classname="tests.test_iter27_refactor_regression.TestUsers" name="test_meta_modules_returns_9" time="0.100" /><testcase classname="tests.test_iter27_refactor_regression.TestUsers" name="test_create_update_delete_user_with_notifications" time="0.877" /><testcase classname="tests.test_iter27_refactor_regression.TestUsers" name="test_assignable_admin_always_included" time="0.103" /><testcase classname="tests.test_iter27_refactor_regression.TestNotifications" name="test_list_notifications" time="0.111" /><testcase classname="tests.test_iter27_refactor_regression.TestNotifications" name="test_unread_count" time="0.109" /><testcase classname="tests.test_iter27_refactor_regression.TestNotifications" name="test_mark_read" time="0.102" /><testcase classname="tests.test_iter27_refactor_regression.TestStockMaster" name="test_get_one_and_list" time="0.641" /><testcase classname="tests.test_iter27_refactor_regression.TestStockMaster" name="test_distinct_field" time="0.146" /><testcase classname="tests.test_iter27_refactor_regression.TestStockMaster" name="test_lookup_makes_and_item" time="0.326" /><testcase classname="tests.test_iter27_refactor_regression.TestStockMaster" name="test_download_template_and_export" time="0.324" /><testcase classname="tests.test_iter27_refactor_regression.TestStockMaster" name="test_column_settings_get_put" time="0.201" /><testcase classname="tests.test_iter27_refactor_regression.TestStockMaster" name="test_update_and_delete" time="0.323" /><testcase classname="tests.test_iter27_refactor_regression.TestLocations" name="test_list_godowns_racks_boxes" time="0.350" /><testcase classname="tests.test_iter27_refactor_regression.TestLocations" name="test_range_create_and_bulk_delete" time="0.104" /><testcase classname="tests.test_iter27_refactor_regression.TestUploads" name="test_upload_image_and_fetch" time="0.489" /><testcase classname="tests.test_iter27_refactor_regression.TestTransactions" name="test_stock_in_and_balance_and_out" time="0.334" /><testcase classname="tests.test_iter27_refactor_regression.TestTransactions" name="test_low_stock" time="0.108" /><testcase classname="tests.test_iter27_refactor_regression.TestTransactions" name="test_dashboard_stats" time="0.111" /><testcase classname="tests.test_iter27_refactor_regression.TestReceiptNotes" name="test_next_no_and_create_draft" time="0.465" /><testcase classname="tests.test_iter27_refactor_regression.TestVariousLookupsNextNo" name="test_srn_next_no_and_list" time="8.755" /><testcase classname="tests.test_iter27_refactor_regression.TestVariousLookupsNextNo" name="test_issue_notes_lookup_by_part_no" time="0.143" /><testcase classname="tests.test_iter27_refactor_regression.TestVariousLookupsNextNo" name="test_transfer_requests_lookup_by_part_no" time="0.100" /><testcase classname="tests.test_iter27_refactor_regression.TestItemDetails" name="test_search" time="0.128" /><testcase classname="tests.test_iter27_refactor_regression.TestItemDetails" name="test_by_part_no_and_make" time="0.115" /><testcase classname="tests.test_iter27_refactor_regression.TestModuleAccess" name="test_staff_blocked_on_disabled_module" time="1.284" /><testcase classname="tests.test_iter28_refactor_regression.TestDashboardRouter" name="test_stock_balance_shape" time="0.448" /><testcase classname="tests.test_iter28_refactor_regression.TestDashboardRouter" name="test_dashboard_stats_keys" time="0.101" /><testcase classname="tests.test_iter28_refactor_regression.TestDashboardRouter" name="test_low_stock_acl_blocks_disabled_staff" time="0.888" /><testcase classname="tests.test_iter28_refactor_regression.TestDashboardRouter" name="test_stock_summary_acl_blocks_disabled_staff" time="0.885" /><testcase classname="tests.test_iter28_refactor_regression.TestItemDetailsRouter" name="test_search_filters_by_q" time="0.535" /><testcase classname="tests.test_iter28_refactor_regression.TestItemDetailsRouter" name="test_item_details_no_objectid_in_response" time="0.101" /><testcase classname="tests.test_iter28_refactor_regression.TestItemDetailsRouter" name="test_acl_blocks_when_item_details_disabled" time="0.949" /><testcase classname="tests.test_iter28_refactor_regression.TestUploadsRouter" name="test_upload_rejects_non_image" time="0.103" /><testcase classname="tests.test_iter28_refactor_regression.TestUploadsRouter" name="test_upload_then_serve_back_authenticated" time="0.429" /><testcase classname="tests.test_iter28_refactor_regression.TestLocationsRouterNewSurfaces" name="test_godown_download_template" time="0.094" /><testcase classname="tests.test_iter28_refactor_regression.TestLocationsRouterNewSurfaces" name="test_rack_download_template" time="0.108" /><testcase classname="tests.test_iter28_refactor_regression.TestLocationsRouterNewSurfaces" name="test_box_download_template" time="0.104" /><testcase classname="tests.test_iter28_refactor_regression.TestLocationsRouterNewSurfaces" name="test_boxes_range_create" time="0.113" /><testcase classname="tests.test_iter28_refactor_regression.TestLocationsRouterNewSurfaces" name="test_godowns_bulk_delete" time="0.408" /><testcase classname="tests.test_iter28_refactor_regression.TestLocationsRouterNewSurfaces" name="test_boxes_bulk_delete" time="0.201" /><testcase classname="tests.test_iter28_refactor_regression.TestLocationsRouterNewSurfaces" name="test_acl_locations_disabled_blocks_godowns" time="0.886" /><testcase classname="tests.test_iter28_refactor_regression.TestStockMasterRouterNewSurfaces" name="test_bulk_preview_with_invalid_payload_returns_4xx" time="0.537" /><testcase classname="tests.test_iter28_refactor_regression.TestStockMasterRouterNewSurfaces" name="test_distinct_returns_list" time="0.332" /><testcase classname="tests.test_iter28_refactor_regression.TestStockMasterRouterNewSurfaces" name="test_acl_stock_master_disabled_blocks_get" time="0.896" /><testcase classname="tests.test_iter28_refactor_regression.TestStockMasterRouterNewSurfaces" name="test_acl_stock_master_disabled_blocks_post" time="0.952" /><testcase classname="tests.test_iter28_refactor_regression.TestStockMasterRouterNewSurfaces" name="test_acl_admin_bypasses" time="0.105" /><testcase classname="tests.test_iter28_refactor_regression.TestKeptInServerWorkflow" name="test_full_stock_in_then_receipt_note_finalize" time="0.339" /><testcase classname="tests.test_iter28_refactor_regression.TestKeptInServerWorkflow" name="test_racking_picking_transfer_next_no_endpoints" time="0.784" /><testcase classname="tests.test_iter29_auto_rkn_workflow.TestRule1RnFinalizeAutoRkn" name="test_finalize_full_match_auto_creates_rkn" time="1.354" /><testcase classname="tests.test_iter29_auto_rkn_workflow.TestRule1RnFinalizeAutoRkn" name="test_finalize_with_shortfall_creates_srn_and_rkn" time="0.475" /><testcase classname="tests.test_iter29_auto_rkn_workflow.TestRule1RnFinalizeAutoRkn" name="test_finalize_with_zero_received_no_rkn" time="0.354" /><testcase classname="tests.test_iter29_auto_rkn_workflow.TestRule2RknRecordBalance" name="test_partial_racking_creates_balance_rkn" time="0.755" /><testcase classname="tests.test_iter29_auto_rkn_workflow.TestRule2RknRecordBalance" name="test_full_racking_no_balance_rkn" time="0.701" /><testcase classname="tests.test_iter29_auto_rkn_workflow.TestRule3SrnChildAutoRkn" name="test_srn_child_save_creates_rkn" time="1.270" /><testcase classname="tests.test_iter29_auto_rkn_workflow.TestRule3SrnChildAutoRkn" name="test_srn_child_zero_received_no_rkn" time="0.455" /><testcase classname="tests.test_iter29_auto_rkn_workflow.TestEndToEndScenario" name="test_step_1_thru_5_ends_with_fully_racked" time="2.022" /><testcase classname="tests.test_iter29_edge_cases.TestRule1ExtraScenarios" name="test_invoice_greater_than_received_creates_srn_and_rkn_for_received" time="1.393" /><testcase classname="tests.test_iter29_edge_cases.TestRule1ExtraScenarios" name="test_invoice_less_than_received_creates_ern_and_rkn_for_received" time="0.494" /><testcase classname="tests.test_iter29_edge_cases.TestRule1ExtraScenarios" name="test_general_stock_in_type_finalize_auto_rkn" time="0.411" /><testcase classname="tests.test_iter29_edge_cases.TestRule1ExtraScenarios" name="test_multi_item_rn_with_mixed_qty" time="0.463" /><testcase classname="tests.test_iter29_edge_cases.TestRule3SrnChildPut" name="test_put_child_increases_received_qty_creates_rkn" time="0.708" /><testcase classname="tests.test_iter29_edge_cases.TestRule3ErnChildAutoRkn" name="test_ern_child_save_creates_rkn" time="0.697" /><testcase classname="tests.test_iter29_edge_cases.TestRule3ErnChildAutoRkn" name="test_ern_child_zero_accepted_no_rkn" time="0.570" /><testcase classname="tests.test_iter29_edge_cases.TestRule3ErnChildAutoRkn" name="test_ern_child_put_increase_creates_rkn" time="1.581" /></testsuite></testsuites>