<?xml version="1.0" encoding="utf-8"?><testsuites name="pytest tests"><testsuite name="pytest" errors="0" failures="0" skipped="0" tests="5" time="3.713" timestamp="2026-04-28T21:22:26.763936+00:00" hostname="agent-env-5354b8b7-a329-4906-935a-e5096a32ae7b"><testcase classname="backend.tests.test_iter23_child_tracking.TestTC1SimpleRnRacking" name="test_rn_finalize_then_full_racking" time="1.188" /><testcase classname="backend.tests.test_iter23_child_tracking.TestTC2ChildSrnTracking" name="test_child_srn_back_reference_in_parent_items" time="0.455" /><testcase classname="backend.tests.test_iter23_child_tracking.TestTC3ChildErnTracking" name="test_child_ern_back_reference_in_parent_items" time="0.460" /><testcase classname="backend.tests.test_iter23_child_tracking.TestTC4ThreeLevelSrnChain" name="test_three_level_srn_chain_with_back_references" time="0.661" /><testcase classname="backend.tests.test_iter23_child_tracking.TestTC5ChildIdsResolvable" name="test_child_srn_and_ern_get_endpoints" time="0.861" /></testsuite></testsuites>