<?xml version="1.0" encoding="utf-8"?><testsuites name="pytest tests"><testsuite name="pytest" errors="0" failures="0" skipped="0" tests="17" time="5.232" timestamp="2026-04-28T20:59:08.705318+00:00" hostname="agent-env-5354b8b7-a329-4906-935a-e5096a32ae7b"><testcase classname="backend.tests.test_iter21_status_workflow.TestAuth" name="test_admin_login" time="0.407" /><testcase classname="backend.tests.test_iter21_status_workflow.TestSRNFlow" name="test_rn_with_shortfall_creates_pending_srn" time="0.244" /><testcase classname="backend.tests.test_iter21_status_workflow.TestSRNFlow" name="test_partial_fulfillment_marks_srn_partially_received" time="0.325" /><testcase classname="backend.tests.test_iter21_status_workflow.TestSRNFlow" name="test_full_fulfillment_marks_complete_not_legacy_label" time="0.416" /><testcase classname="backend.tests.test_iter21_status_workflow.TestSRNFlow" name="test_finalize_partial_keeps_partially_received_and_spawns_child" time="0.403" /><testcase classname="backend.tests.test_iter21_status_workflow.TestERNFlow" name="test_rn_with_overage_creates_pending_ern" time="0.230" /><testcase classname="backend.tests.test_iter21_status_workflow.TestERNFlow" name="test_partial_accept_marks_partially_accepted" time="0.328" /><testcase classname="backend.tests.test_iter21_status_workflow.TestERNFlow" name="test_fully_decided_ern_marks_complete" time="0.553" /><testcase classname="backend.tests.test_iter21_status_workflow.TestRackingFlowAgainstRN" name="test_draft_rkn_against_rn_flips_rn_to_racking_note_draft" time="0.498" /><testcase classname="backend.tests.test_iter21_status_workflow.TestRackingFlowAgainstRN" name="test_record_rkn_yields_partially_or_fully_racked" time="0.561" /><testcase classname="backend.tests.test_iter21_status_workflow.TestRnFullyRackedRequiresAllDescendants" name="test_rn_not_fully_racked_when_srn_unracked" time="0.450" /><testcase classname="backend.tests.test_iter21_status_workflow.TestRnFullyRackedRequiresAllDescendants" name="test_draft_rkn_against_srn_descendant_flips_rn_to_racking_note_draft" time="0.410" /><testcase classname="backend.tests.test_iter21_status_workflow.TestLegacyMigration" name="test_no_srn_with_fully_received_status" time="0.061" /><testcase classname="backend.tests.test_iter21_status_workflow.TestExistingEndpointsHealthy" name="test_list_endpoint_ok[/api/short-received-notes]" time="0.057" /><testcase classname="backend.tests.test_iter21_status_workflow.TestExistingEndpointsHealthy" name="test_list_endpoint_ok[/api/extra-received-notes]" time="0.059" /><testcase classname="backend.tests.test_iter21_status_workflow.TestExistingEndpointsHealthy" name="test_list_endpoint_ok[/api/racking-notes]" time="0.061" /><testcase classname="backend.tests.test_iter21_status_workflow.TestExistingEndpointsHealthy" name="test_list_endpoint_ok[/api/receipt-notes]" time="0.063" /></testsuite></testsuites>