<?xml version="1.0" encoding="utf-8"?><testsuites name="pytest tests"><testsuite name="pytest" errors="11" failures="29" skipped="0" tests="57" time="5.214" timestamp="2026-04-27T19:00:19.154092+00:00" hostname="agent-env-2894961c-dc8e-4b0d-b3e1-20592fed24c9"><testcase classname="tests.test_receipt_notes.TestNextNo" name="test_next_no_smoke" time="0.504" /><testcase classname="tests.test_receipt_notes.TestPostValidation" name="test_empty_items_rejected" time="0.057" /><testcase classname="tests.test_receipt_notes.TestPostValidation" name="test_qty_zero_rejected" time="0.055"><failure message="AssertionError: {&quot;detail&quot;:[{&quot;type&quot;:&quot;missing&quot;,&quot;loc&quot;:[&quot;body&quot;,&quot;items&quot;,0,&quot;invoice_qty&quot;],&quot;msg&quot;:&quot;Field required&quot;,&quot;input&quot;:{&quot;part_no&quot;:&quot;4093678&quot;,&quot;make&quot;:&quot;CSP&quot;,&quot;quantity&quot;:0},&quot;url&quot;:&quot;https://errors.pydantic.dev/2.12/v/missing&quot;}]}&#10;assert 422 == 400&#10; +  where 422 = &lt;Response [422]&gt;.status_code">E   AssertionError: {"detail":[{"type":"missing","loc":["body","items",0,"invoice_qty"],"msg":"Field required","input":{"part_no":"4093678","make":"CSP","quantity":0},"url":"https://errors.pydantic.dev/2.12/v/missing"}]}
    assert 422 == 400
     +  where 422 = &lt;Response [422]&gt;.status_code</failure></testcase><testcase classname="tests.test_receipt_notes.TestPostValidation" name="test_qty_negative_rejected" time="0.064" /><testcase classname="tests.test_receipt_notes.TestPostValidation" name="test_empty_part_no_rejected" time="0.074"><failure message="AssertionError: {&quot;detail&quot;:[{&quot;type&quot;:&quot;missing&quot;,&quot;loc&quot;:[&quot;body&quot;,&quot;items&quot;,0,&quot;invoice_qty&quot;],&quot;msg&quot;:&quot;Field required&quot;,&quot;input&quot;:{&quot;part_no&quot;:&quot;   &quot;,&quot;make&quot;:&quot;CSP&quot;,&quot;quantity&quot;:5},&quot;url&quot;:&quot;https://errors.pydantic.dev/2.12/v/missing&quot;}]}&#10;assert 422 == 400&#10; +  where 422 = &lt;Response [422]&gt;.status_code">E   AssertionError: {"detail":[{"type":"missing","loc":["body","items",0,"invoice_qty"],"msg":"Field required","input":{"part_no":"   ","make":"CSP","quantity":5},"url":"https://errors.pydantic.dev/2.12/v/missing"}]}
    assert 422 == 400
     +  where 422 = &lt;Response [422]&gt;.status_code</failure></testcase><testcase classname="tests.test_receipt_notes.TestPostValidation" name="test_empty_make_rejected" time="0.069"><failure message="AssertionError: {&quot;detail&quot;:[{&quot;type&quot;:&quot;missing&quot;,&quot;loc&quot;:[&quot;body&quot;,&quot;items&quot;,0,&quot;invoice_qty&quot;],&quot;msg&quot;:&quot;Field required&quot;,&quot;input&quot;:{&quot;part_no&quot;:&quot;4093678&quot;,&quot;make&quot;:&quot;  &quot;,&quot;quantity&quot;:5},&quot;url&quot;:&quot;https://errors.pydantic.dev/2.12/v/missing&quot;}]}&#10;assert 422 == 400&#10; +  where 422 = &lt;Response [422]&gt;.status_code">E   AssertionError: {"detail":[{"type":"missing","loc":["body","items",0,"invoice_qty"],"msg":"Field required","input":{"part_no":"4093678","make":"  ","quantity":5},"url":"https://errors.pydantic.dev/2.12/v/missing"}]}
    assert 422 == 400
     +  where 422 = &lt;Response [422]&gt;.status_code</failure></testcase><testcase classname="tests.test_receipt_notes.TestCreateAndFetch" name="test_create_and_increment" time="0.132"><failure message="AssertionError: {&quot;detail&quot;:[{&quot;type&quot;:&quot;missing&quot;,&quot;loc&quot;:[&quot;body&quot;,&quot;items&quot;,0,&quot;invoice_qty&quot;],&quot;msg&quot;:&quot;Field required&quot;,&quot;input&quot;:{&quot;part_no&quot;:&quot;4093678&quot;,&quot;make&quot;:&quot;CSP&quot;,&quot;quantity&quot;:2},&quot;url&quot;:&quot;https://errors.pydantic.dev/2.12/v/missing&quot;},{&quot;type&quot;:&quot;missing&quot;,&quot;loc&quot;:[&quot;body&quot;,&quot;items&quot;,1,&quot;invoice_qty&quot;],&quot;msg&quot;:&quot;Field required&quot;,&quot;input&quot;:{&quot;part_no&quot;:&quot;3922900&quot;,&quot;make&quot;:&quot;TATA&quot;,&quot;quantity&quot;:7},&quot;url&quot;:&quot;https://errors.pydantic.dev/2.12/v/missing&quot;}]}&#10;assert 422 == 200&#10; +  where 422 = &lt;Response [422]&gt;.status_code">E   AssertionError: {"detail":[{"type":"missing","loc":["body","items",0,"invoice_qty"],"msg":"Field required","input":{"part_no":"4093678","make":"CSP","quantity":2},"url":"https://errors.pydantic.dev/2.12/v/missing"},{"type":"missing","loc":["body","items",1,"invoice_qty"],"msg":"Field required","input":{"part_no":"3922900","make":"TATA","quantity":7},"url":"https://errors.pydantic.dev/2.12/v/missing"}]}
    assert 422 == 200
     +  where 422 = &lt;Response [422]&gt;.status_code</failure></testcase><testcase classname="tests.test_receipt_notes.TestCreateAndFetch" name="test_get_by_id" time="0.000"><failure message="AssertionError: previous test did not create RN&#10;assert None&#10; +  where None = TestCreateAndFetch.created_id">E   AssertionError: previous test did not create RN
    assert None
     +  where None = TestCreateAndFetch.created_id</failure></testcase><testcase classname="tests.test_receipt_notes.TestCreateAndFetch" name="test_list_contains_created" time="0.063"><failure message="assert False&#10; +  where False = any(&lt;generator object TestCreateAndFetch.test_list_contains_created.&lt;locals&gt;.&lt;genexpr&gt; at 0xfc52908868e0&gt;)">E   assert False
     +  where False = any(&lt;generator object TestCreateAndFetch.test_list_contains_created.&lt;locals&gt;.&lt;genexpr&gt; at 0xfc52908868e0&gt;)</failure></testcase><testcase classname="tests.test_receipt_notes.TestCreateAndFetch" name="test_get_unknown_id_404" time="0.064" /><testcase classname="tests.test_receipt_notes.TestMakeLookup" name="test_single_make" time="0.061" /><testcase classname="tests.test_receipt_notes.TestMakeLookup" name="test_multiple_makes" time="0.055" /><testcase classname="tests.test_receipt_notes.TestMakeLookup" name="test_no_make" time="0.056" /><testcase classname="tests.test_receipt_notes.TestAuthRequired" name="test_no_auth_blocked" time="0.184" /><testcase classname="tests.test_receipt_notes_v2.TestMaxSerialPlusOne" name="test_next_no_is_max_plus_one" time="0.696" /><testcase classname="tests.test_receipt_notes_v2.TestMaxSerialPlusOne" name="test_create_then_delete_reverts_next_serial" time="0.505"><failure message="AssertionError: {&quot;detail&quot;:[{&quot;type&quot;:&quot;missing&quot;,&quot;loc&quot;:[&quot;body&quot;,&quot;items&quot;,0,&quot;invoice_qty&quot;],&quot;msg&quot;:&quot;Field required&quot;,&quot;input&quot;:{&quot;part_no&quot;:&quot;4093678&quot;,&quot;make&quot;:&quot;CSP&quot;,&quot;quantity&quot;:1},&quot;url&quot;:&quot;https://errors.pydantic.dev/2.12/v/missing&quot;}]}&#10;assert 422 == 200&#10; +  where 422 = &lt;Response [422]&gt;.status_code">E   AssertionError: {"detail":[{"type":"missing","loc":["body","items",0,"invoice_qty"],"msg":"Field required","input":{"part_no":"4093678","make":"CSP","quantity":1},"url":"https://errors.pydantic.dev/2.12/v/missing"}]}
    assert 422 == 200
     +  where 422 = &lt;Response [422]&gt;.status_code</failure></testcase><testcase classname="tests.test_receipt_notes_v2.TestUpdate" name="test_setup_create" time="0.069"><failure message="AssertionError: {&quot;detail&quot;:[{&quot;type&quot;:&quot;missing&quot;,&quot;loc&quot;:[&quot;body&quot;,&quot;items&quot;,0,&quot;invoice_qty&quot;],&quot;msg&quot;:&quot;Field required&quot;,&quot;input&quot;:{&quot;part_no&quot;:&quot;4093678&quot;,&quot;make&quot;:&quot;CSP&quot;,&quot;quantity&quot;:5},&quot;url&quot;:&quot;https://errors.pydantic.dev/2.12/v/missing&quot;},{&quot;type&quot;:&quot;missing&quot;,&quot;loc&quot;:[&quot;body&quot;,&quot;items&quot;,1,&quot;invoice_qty&quot;],&quot;msg&quot;:&quot;Field required&quot;,&quot;input&quot;:{&quot;part_no&quot;:&quot;3922900&quot;,&quot;make&quot;:&quot;TATA&quot;,&quot;quantity&quot;:3},&quot;url&quot;:&quot;https://errors.pydantic.dev/2.12/v/missing&quot;}]}&#10;assert 422 == 200&#10; +  where 422 = &lt;Response [422]&gt;.status_code">E   AssertionError: {"detail":[{"type":"missing","loc":["body","items",0,"invoice_qty"],"msg":"Field required","input":{"part_no":"4093678","make":"CSP","quantity":5},"url":"https://errors.pydantic.dev/2.12/v/missing"},{"type":"missing","loc":["body","items",1,"invoice_qty"],"msg":"Field required","input":{"part_no":"3922900","make":"TATA","quantity":3},"url":"https://errors.pydantic.dev/2.12/v/missing"}]}
    assert 422 == 200
     +  where 422 = &lt;Response [422]&gt;.status_code</failure></testcase><testcase classname="tests.test_receipt_notes_v2.TestUpdate" name="test_put_updates_invoice_and_items" time="0.001"><failure message="assert None&#10; +  where None = TestUpdate.created_id">E   assert None
     +  where None = TestUpdate.created_id</failure></testcase><testcase classname="tests.test_receipt_notes_v2.TestUpdate" name="test_put_validation_empty_items" time="0.073"><failure message="AssertionError: {&quot;detail&quot;:&quot;Receipt note not found&quot;}&#10;assert 404 == 400&#10; +  where 404 = &lt;Response [404]&gt;.status_code">E   AssertionError: {"detail":"Receipt note not found"}
    assert 404 == 400
     +  where 404 = &lt;Response [404]&gt;.status_code</failure></testcase><testcase classname="tests.test_receipt_notes_v2.TestUpdate" name="test_put_validation_qty_zero" time="0.065"><failure message="AssertionError: {&quot;detail&quot;:[{&quot;type&quot;:&quot;missing&quot;,&quot;loc&quot;:[&quot;body&quot;,&quot;items&quot;,0,&quot;invoice_qty&quot;],&quot;msg&quot;:&quot;Field required&quot;,&quot;input&quot;:{&quot;part_no&quot;:&quot;4093678&quot;,&quot;make&quot;:&quot;CSP&quot;,&quot;quantity&quot;:0},&quot;url&quot;:&quot;https://errors.pydantic.dev/2.12/v/missing&quot;}]}&#10;assert 422 == 400&#10; +  where 422 = &lt;Response [422]&gt;.status_code">E   AssertionError: {"detail":[{"type":"missing","loc":["body","items",0,"invoice_qty"],"msg":"Field required","input":{"part_no":"4093678","make":"CSP","quantity":0},"url":"https://errors.pydantic.dev/2.12/v/missing"}]}
    assert 422 == 400
     +  where 422 = &lt;Response [422]&gt;.status_code</failure></testcase><testcase classname="tests.test_receipt_notes_v2.TestUpdate" name="test_put_validation_empty_part" time="0.059"><failure message="AssertionError: {&quot;detail&quot;:[{&quot;type&quot;:&quot;missing&quot;,&quot;loc&quot;:[&quot;body&quot;,&quot;items&quot;,0,&quot;invoice_qty&quot;],&quot;msg&quot;:&quot;Field required&quot;,&quot;input&quot;:{&quot;part_no&quot;:&quot;  &quot;,&quot;make&quot;:&quot;CSP&quot;,&quot;quantity&quot;:1},&quot;url&quot;:&quot;https://errors.pydantic.dev/2.12/v/missing&quot;}]}&#10;assert 422 == 400&#10; +  where 422 = &lt;Response [422]&gt;.status_code">E   AssertionError: {"detail":[{"type":"missing","loc":["body","items",0,"invoice_qty"],"msg":"Field required","input":{"part_no":"  ","make":"CSP","quantity":1},"url":"https://errors.pydantic.dev/2.12/v/missing"}]}
    assert 422 == 400
     +  where 422 = &lt;Response [422]&gt;.status_code</failure></testcase><testcase classname="tests.test_receipt_notes_v2.TestUpdate" name="test_put_validation_empty_make" time="0.062"><failure message="AssertionError: {&quot;detail&quot;:[{&quot;type&quot;:&quot;missing&quot;,&quot;loc&quot;:[&quot;body&quot;,&quot;items&quot;,0,&quot;invoice_qty&quot;],&quot;msg&quot;:&quot;Field required&quot;,&quot;input&quot;:{&quot;part_no&quot;:&quot;4093678&quot;,&quot;make&quot;:&quot;  &quot;,&quot;quantity&quot;:1},&quot;url&quot;:&quot;https://errors.pydantic.dev/2.12/v/missing&quot;}]}&#10;assert 422 == 400&#10; +  where 422 = &lt;Response [422]&gt;.status_code">E   AssertionError: {"detail":[{"type":"missing","loc":["body","items",0,"invoice_qty"],"msg":"Field required","input":{"part_no":"4093678","make":"  ","quantity":1},"url":"https://errors.pydantic.dev/2.12/v/missing"}]}
    assert 422 == 400
     +  where 422 = &lt;Response [422]&gt;.status_code</failure></testcase><testcase classname="tests.test_receipt_notes_v2.TestUpdate" name="test_put_unknown_id_404" time="0.063"><failure message="AssertionError: {&quot;detail&quot;:[{&quot;type&quot;:&quot;missing&quot;,&quot;loc&quot;:[&quot;body&quot;,&quot;items&quot;,0,&quot;invoice_qty&quot;],&quot;msg&quot;:&quot;Field required&quot;,&quot;input&quot;:{&quot;part_no&quot;:&quot;4093678&quot;,&quot;make&quot;:&quot;CSP&quot;,&quot;quantity&quot;:1},&quot;url&quot;:&quot;https://errors.pydantic.dev/2.12/v/missing&quot;}]}&#10;assert 422 == 404&#10; +  where 422 = &lt;Response [422]&gt;.status_code">E   AssertionError: {"detail":[{"type":"missing","loc":["body","items",0,"invoice_qty"],"msg":"Field required","input":{"part_no":"4093678","make":"CSP","quantity":1},"url":"https://errors.pydantic.dev/2.12/v/missing"}]}
    assert 422 == 404
     +  where 422 = &lt;Response [422]&gt;.status_code</failure></testcase><testcase classname="tests.test_receipt_notes_v2.TestUpdate" name="test_zzz_cleanup" time="0.000" /><testcase classname="tests.test_receipt_notes_v2.TestDeleteUnknown" name="test_delete_unknown_id_404" time="0.062" /><testcase classname="tests.test_racking_notes.TestReceiptNoteStatus" name="test_all_existing_rns_have_status" time="0.475"><failure message="AssertionError: RN RN/26-27/022 has unexpected status FINAL&#10;assert 'FINAL' in ('RACKING_PENDING', 'RACKED')&#10; +  where 'FINAL' = &lt;built-in method get of dict object at 0xfc529030c380&gt;('status')&#10; +    where &lt;built-in method get of dict object at 0xfc529030c380&gt; = {'assigned_to_email': '', 'assigned_to_name': '', 'assigned_to_user_id': None, 'created_at': '2026-04-27T18:59:37.070864+00:00', ...}.get">E   AssertionError: RN RN/26-27/022 has unexpected status FINAL
    assert 'FINAL' in ('RACKING_PENDING', 'RACKED')
     +  where 'FINAL' = &lt;built-in method get of dict object at 0xfc529030c380&gt;('status')
     +    where &lt;built-in method get of dict object at 0xfc529030c380&gt; = {'assigned_to_email': '', 'assigned_to_name': '', 'assigned_to_user_id': None, 'created_at': '2026-04-27T18:59:37.070864+00:00', ...}.get</failure></testcase><testcase classname="tests.test_racking_notes.TestReceiptNoteStatus" name="test_filter_by_status_racking_pending" time="0.053" /><testcase classname="tests.test_racking_notes.TestRackingNoteNextNo" name="test_next_no_format_and_max_plus_one" time="0.154" /><testcase classname="tests.test_racking_notes.TestRackingNotePrepare" name="test_prepare_returns_master_fields_and_locations" time="0.109"><failure message="AssertionError: {&quot;detail&quot;:[{&quot;type&quot;:&quot;missing&quot;,&quot;loc&quot;:[&quot;body&quot;,&quot;items&quot;,0,&quot;invoice_qty&quot;],&quot;msg&quot;:&quot;Field required&quot;,&quot;input&quot;:{&quot;part_no&quot;:&quot;4093678&quot;,&quot;make&quot;:&quot;CSP&quot;,&quot;quantity&quot;:4},&quot;url&quot;:&quot;https://errors.pydantic.dev/2.12/v/missing&quot;}]}&#10;assert 422 == 200&#10; +  where 422 = &lt;Response [422]&gt;.status_code">E   AssertionError: {"detail":[{"type":"missing","loc":["body","items",0,"invoice_qty"],"msg":"Field required","input":{"part_no":"4093678","make":"CSP","quantity":4},"url":"https://errors.pydantic.dev/2.12/v/missing"}]}
    assert 422 == 200
     +  where 422 = &lt;Response [422]&gt;.status_code</failure></testcase><testcase classname="tests.test_racking_notes.TestRackingNotePrepare" name="test_prepare_404_for_unknown_rn" time="0.050" /><testcase classname="tests.test_racking_notes.TestRackingNoteCRUDAndRecord" name="test_post_validation_missing_rn" time="0.052" /><testcase classname="tests.test_racking_notes.TestRackingNoteCRUDAndRecord" name="test_post_validation_missing_location" time="0.103"><failure message="AssertionError: {&quot;detail&quot;:[{&quot;type&quot;:&quot;missing&quot;,&quot;loc&quot;:[&quot;body&quot;,&quot;items&quot;,0,&quot;invoice_qty&quot;],&quot;msg&quot;:&quot;Field required&quot;,&quot;input&quot;:{&quot;part_no&quot;:&quot;4093678&quot;,&quot;make&quot;:&quot;CSP&quot;,&quot;quantity&quot;:4},&quot;url&quot;:&quot;https://errors.pydantic.dev/2.12/v/missing&quot;}]}&#10;assert 422 == 200&#10; +  where 422 = &lt;Response [422]&gt;.status_code">E   AssertionError: {"detail":[{"type":"missing","loc":["body","items",0,"invoice_qty"],"msg":"Field required","input":{"part_no":"4093678","make":"CSP","quantity":4},"url":"https://errors.pydantic.dev/2.12/v/missing"}]}
    assert 422 == 200
     +  where 422 = &lt;Response [422]&gt;.status_code</failure></testcase><testcase classname="tests.test_racking_notes.TestRackingNoteCRUDAndRecord" name="test_create_then_duplicate_blocked" time="0.109"><failure message="AssertionError: {&quot;detail&quot;:[{&quot;type&quot;:&quot;missing&quot;,&quot;loc&quot;:[&quot;body&quot;,&quot;items&quot;,0,&quot;invoice_qty&quot;],&quot;msg&quot;:&quot;Field required&quot;,&quot;input&quot;:{&quot;part_no&quot;:&quot;4093678&quot;,&quot;make&quot;:&quot;CSP&quot;,&quot;quantity&quot;:4},&quot;url&quot;:&quot;https://errors.pydantic.dev/2.12/v/missing&quot;}]}&#10;assert 422 == 200&#10; +  where 422 = &lt;Response [422]&gt;.status_code">E   AssertionError: {"detail":[{"type":"missing","loc":["body","items",0,"invoice_qty"],"msg":"Field required","input":{"part_no":"4093678","make":"CSP","quantity":4},"url":"https://errors.pydantic.dev/2.12/v/missing"}]}
    assert 422 == 200
     +  where 422 = &lt;Response [422]&gt;.status_code</failure></testcase><testcase classname="tests.test_racking_notes.TestRackingNoteCRUDAndRecord" name="test_get_list_and_detail" time="0.000"><failure message="assert None">E   assert None</failure></testcase><testcase classname="tests.test_racking_notes.TestRackingNoteCRUDAndRecord" name="test_put_updates_items" time="0.000"><failure message="assert None">E   assert None</failure></testcase><testcase classname="tests.test_racking_notes.TestRackingNoteCRUDAndRecord" name="test_record_creates_in_transactions_and_flips_statuses" time="0.000"><failure message="KeyError: 'rn_id'">E   KeyError: 'rn_id'</failure></testcase><testcase classname="tests.test_racking_notes.TestRackingNoteCRUDAndRecord" name="test_record_again_blocked" time="0.058"><failure message="assert 404 == 409&#10; +  where 404 = &lt;Response [404]&gt;.status_code">E   assert 404 == 409
     +  where 404 = &lt;Response [404]&gt;.status_code</failure></testcase><testcase classname="tests.test_racking_notes.TestRackingNoteCRUDAndRecord" name="test_put_blocked_after_record" time="0.000"><failure message="KeyError: 'rn_id'">E   KeyError: 'rn_id'</failure></testcase><testcase classname="tests.test_racking_notes.TestRackingNoteCRUDAndRecord" name="test_delete_blocked_after_record" time="0.050"><failure message="assert 404 == 409&#10; +  where 404 = &lt;Response [404]&gt;.status_code">E   assert 404 == 409
     +  where 404 = &lt;Response [404]&gt;.status_code</failure></testcase><testcase classname="tests.test_racking_notes.TestRackingNoteCRUDAndRecord" name="test_rn_edit_blocked_after_record" time="0.000"><failure message="KeyError: 'rn_id'">E   KeyError: 'rn_id'</failure></testcase><testcase classname="tests.test_racking_notes.TestRackingNoteCRUDAndRecord" name="test_rn_delete_blocked_when_racked" time="0.000"><failure message="KeyError: 'rn_id'">E   KeyError: 'rn_id'</failure></testcase><testcase classname="tests.test_racking_notes.TestRackingNoteCRUDAndRecord" name="test_rn_no_longer_in_pending_filter" time="0.000"><failure message="KeyError: 'rn_id'">E   KeyError: 'rn_id'</failure></testcase><testcase classname="tests.test_racking_notes.TestRnDeleteBlockedByDraftRkn" name="test_block_rn_delete_when_draft_rkn_exists" time="0.051"><failure message="KeyError: 'id'">E   KeyError: 'id'</failure></testcase><testcase classname="tests.test_partial_racking.TestStatusMigrationAndFilter" name="test_no_legacy_RACKED_status" time="0.487"><failure message="AssertionError: RN RN/26-27/022 has stale status FINAL&#10;assert 'FINAL' in ('RACKING_PENDING', 'PARTIALLY_RACKED', 'FULLY_RACKED')&#10; +  where 'FINAL' = &lt;built-in method get of dict object at 0xfc52901ab780&gt;('status')&#10; +    where &lt;built-in method get of dict object at 0xfc52901ab780&gt; = {'assigned_to_email': '', 'assigned_to_name': '', 'assigned_to_user_id': None, 'created_at': '2026-04-27T18:59:37.070864+00:00', ...}.get">E   AssertionError: RN RN/26-27/022 has stale status FINAL
    assert 'FINAL' in ('RACKING_PENDING', 'PARTIALLY_RACKED', 'FULLY_RACKED')
     +  where 'FINAL' = &lt;built-in method get of dict object at 0xfc52901ab780&gt;('status')
     +    where &lt;built-in method get of dict object at 0xfc52901ab780&gt; = {'assigned_to_email': '', 'assigned_to_name': '', 'assigned_to_user_id': None, 'created_at': '2026-04-27T18:59:37.070864+00:00', ...}.get</failure></testcase><testcase classname="tests.test_partial_racking.TestStatusMigrationAndFilter" name="test_not_status_filter" time="0.062" /><testcase classname="tests.test_partial_racking.TestStatusMigrationAndFilter" name="test_not_status_csv" time="0.069" /><testcase classname="tests.test_partial_racking.TestPrepareEndpoint" name="test_prepare_returns_pending_received_already_racked" time="0.066"><error message="failed on setup with &quot;AssertionError: {&quot;detail&quot;:[{&quot;type&quot;:&quot;missing&quot;,&quot;loc&quot;:[&quot;body&quot;,&quot;items&quot;,0,&quot;invoice_qty&quot;],&quot;msg&quot;:&quot;Field required&quot;,&quot;input&quot;:{&quot;part_no&quot;:&quot;TEST_PR_A&quot;,&quot;make&quot;:&quot;CSP&quot;,&quot;quantity&quot;:10},&quot;url&quot;:&quot;https://errors.pydantic.dev/2.12/v/missing&quot;},{&quot;type&quot;:&quot;missing&quot;,&quot;loc&quot;:[&quot;body&quot;,&quot;items&quot;,1,&quot;invoice_qty&quot;],&quot;msg&quot;:&quot;Field required&quot;,&quot;input&quot;:{&quot;part_no&quot;:&quot;TEST_PR_B&quot;,&quot;make&quot;:&quot;CSP&quot;,&quot;quantity&quot;:10},&quot;url&quot;:&quot;https://errors.pydantic.dev/2.12/v/missing&quot;},{&quot;type&quot;:&quot;missing&quot;,&quot;loc&quot;:[&quot;body&quot;,&quot;items&quot;,2,&quot;invoice_qty&quot;],&quot;msg&quot;:&quot;Field required&quot;,&quot;input&quot;:{&quot;part_no&quot;:&quot;TEST_PR_C&quot;,&quot;make&quot;:&quot;CSP&quot;,&quot;quantity&quot;:10},&quot;url&quot;:&quot;https://errors.pydantic.dev/2.12/v/missing&quot;}]}&#10;assert 422 == 200&#10; +  where 422 = &lt;Response [422]&gt;.status_code&quot;">E   AssertionError: {"detail":[{"type":"missing","loc":["body","items",0,"invoice_qty"],"msg":"Field required","input":{"part_no":"TEST_PR_A","make":"CSP","quantity":10},"url":"https://errors.pydantic.dev/2.12/v/missing"},{"type":"missing","loc":["body","items",1,"invoice_qty"],"msg":"Field required","input":{"part_no":"TEST_PR_B","make":"CSP","quantity":10},"url":"https://errors.pydantic.dev/2.12/v/missing"},{"type":"missing","loc":["body","items",2,"invoice_qty"],"msg":"Field required","input":{"part_no":"TEST_PR_C","make":"CSP","quantity":10},"url":"https://errors.pydantic.dev/2.12/v/missing"}]}
    assert 422 == 200
     +  where 422 = &lt;Response [422]&gt;.status_code</error></testcase><testcase classname="tests.test_partial_racking.TestCumulativeRacking" name="test_a_post_partial_5_of_first_item_flips_to_partial" time="0.000"><error message="failed on setup with &quot;AssertionError: {&quot;detail&quot;:[{&quot;type&quot;:&quot;missing&quot;,&quot;loc&quot;:[&quot;body&quot;,&quot;items&quot;,0,&quot;invoice_qty&quot;],&quot;msg&quot;:&quot;Field required&quot;,&quot;input&quot;:{&quot;part_no&quot;:&quot;TEST_PR_A&quot;,&quot;make&quot;:&quot;CSP&quot;,&quot;quantity&quot;:10},&quot;url&quot;:&quot;https://errors.pydantic.dev/2.12/v/missing&quot;},{&quot;type&quot;:&quot;missing&quot;,&quot;loc&quot;:[&quot;body&quot;,&quot;items&quot;,1,&quot;invoice_qty&quot;],&quot;msg&quot;:&quot;Field required&quot;,&quot;input&quot;:{&quot;part_no&quot;:&quot;TEST_PR_B&quot;,&quot;make&quot;:&quot;CSP&quot;,&quot;quantity&quot;:10},&quot;url&quot;:&quot;https://errors.pydantic.dev/2.12/v/missing&quot;},{&quot;type&quot;:&quot;missing&quot;,&quot;loc&quot;:[&quot;body&quot;,&quot;items&quot;,2,&quot;invoice_qty&quot;],&quot;msg&quot;:&quot;Field required&quot;,&quot;input&quot;:{&quot;part_no&quot;:&quot;TEST_PR_C&quot;,&quot;make&quot;:&quot;CSP&quot;,&quot;quantity&quot;:10},&quot;url&quot;:&quot;https://errors.pydantic.dev/2.12/v/missing&quot;}]}&#10;assert 422 == 200&#10; +  where 422 = &lt;Response [422]&gt;.status_code&quot;">E   AssertionError: {"detail":[{"type":"missing","loc":["body","items",0,"invoice_qty"],"msg":"Field required","input":{"part_no":"TEST_PR_A","make":"CSP","quantity":10},"url":"https://errors.pydantic.dev/2.12/v/missing"},{"type":"missing","loc":["body","items",1,"invoice_qty"],"msg":"Field required","input":{"part_no":"TEST_PR_B","make":"CSP","quantity":10},"url":"https://errors.pydantic.dev/2.12/v/missing"},{"type":"missing","loc":["body","items",2,"invoice_qty"],"msg":"Field required","input":{"part_no":"TEST_PR_C","make":"CSP","quantity":10},"url":"https://errors.pydantic.dev/2.12/v/missing"}]}
    assert 422 == 200
     +  where 422 = &lt;Response [422]&gt;.status_code</error></testcase><testcase classname="tests.test_partial_racking.TestCumulativeRacking" name="test_b_prepare_skips_fully_allocated_items" time="0.000"><error message="failed on setup with &quot;AssertionError: {&quot;detail&quot;:[{&quot;type&quot;:&quot;missing&quot;,&quot;loc&quot;:[&quot;body&quot;,&quot;items&quot;,0,&quot;invoice_qty&quot;],&quot;msg&quot;:&quot;Field required&quot;,&quot;input&quot;:{&quot;part_no&quot;:&quot;TEST_PR_A&quot;,&quot;make&quot;:&quot;CSP&quot;,&quot;quantity&quot;:10},&quot;url&quot;:&quot;https://errors.pydantic.dev/2.12/v/missing&quot;},{&quot;type&quot;:&quot;missing&quot;,&quot;loc&quot;:[&quot;body&quot;,&quot;items&quot;,1,&quot;invoice_qty&quot;],&quot;msg&quot;:&quot;Field required&quot;,&quot;input&quot;:{&quot;part_no&quot;:&quot;TEST_PR_B&quot;,&quot;make&quot;:&quot;CSP&quot;,&quot;quantity&quot;:10},&quot;url&quot;:&quot;https://errors.pydantic.dev/2.12/v/missing&quot;},{&quot;type&quot;:&quot;missing&quot;,&quot;loc&quot;:[&quot;body&quot;,&quot;items&quot;,2,&quot;invoice_qty&quot;],&quot;msg&quot;:&quot;Field required&quot;,&quot;input&quot;:{&quot;part_no&quot;:&quot;TEST_PR_C&quot;,&quot;make&quot;:&quot;CSP&quot;,&quot;quantity&quot;:10},&quot;url&quot;:&quot;https://errors.pydantic.dev/2.12/v/missing&quot;}]}&#10;assert 422 == 200&#10; +  where 422 = &lt;Response [422]&gt;.status_code&quot;">E   AssertionError: {"detail":[{"type":"missing","loc":["body","items",0,"invoice_qty"],"msg":"Field required","input":{"part_no":"TEST_PR_A","make":"CSP","quantity":10},"url":"https://errors.pydantic.dev/2.12/v/missing"},{"type":"missing","loc":["body","items",1,"invoice_qty"],"msg":"Field required","input":{"part_no":"TEST_PR_B","make":"CSP","quantity":10},"url":"https://errors.pydantic.dev/2.12/v/missing"},{"type":"missing","loc":["body","items",2,"invoice_qty"],"msg":"Field required","input":{"part_no":"TEST_PR_C","make":"CSP","quantity":10},"url":"https://errors.pydantic.dev/2.12/v/missing"}]}
    assert 422 == 200
     +  where 422 = &lt;Response [422]&gt;.status_code</error></testcase><testcase classname="tests.test_partial_racking.TestCumulativeRacking" name="test_c_post_overallocation_returns_400" time="0.000"><error message="failed on setup with &quot;AssertionError: {&quot;detail&quot;:[{&quot;type&quot;:&quot;missing&quot;,&quot;loc&quot;:[&quot;body&quot;,&quot;items&quot;,0,&quot;invoice_qty&quot;],&quot;msg&quot;:&quot;Field required&quot;,&quot;input&quot;:{&quot;part_no&quot;:&quot;TEST_PR_A&quot;,&quot;make&quot;:&quot;CSP&quot;,&quot;quantity&quot;:10},&quot;url&quot;:&quot;https://errors.pydantic.dev/2.12/v/missing&quot;},{&quot;type&quot;:&quot;missing&quot;,&quot;loc&quot;:[&quot;body&quot;,&quot;items&quot;,1,&quot;invoice_qty&quot;],&quot;msg&quot;:&quot;Field required&quot;,&quot;input&quot;:{&quot;part_no&quot;:&quot;TEST_PR_B&quot;,&quot;make&quot;:&quot;CSP&quot;,&quot;quantity&quot;:10},&quot;url&quot;:&quot;https://errors.pydantic.dev/2.12/v/missing&quot;},{&quot;type&quot;:&quot;missing&quot;,&quot;loc&quot;:[&quot;body&quot;,&quot;items&quot;,2,&quot;invoice_qty&quot;],&quot;msg&quot;:&quot;Field required&quot;,&quot;input&quot;:{&quot;part_no&quot;:&quot;TEST_PR_C&quot;,&quot;make&quot;:&quot;CSP&quot;,&quot;quantity&quot;:10},&quot;url&quot;:&quot;https://errors.pydantic.dev/2.12/v/missing&quot;}]}&#10;assert 422 == 200&#10; +  where 422 = &lt;Response [422]&gt;.status_code&quot;">E   AssertionError: {"detail":[{"type":"missing","loc":["body","items",0,"invoice_qty"],"msg":"Field required","input":{"part_no":"TEST_PR_A","make":"CSP","quantity":10},"url":"https://errors.pydantic.dev/2.12/v/missing"},{"type":"missing","loc":["body","items",1,"invoice_qty"],"msg":"Field required","input":{"part_no":"TEST_PR_B","make":"CSP","quantity":10},"url":"https://errors.pydantic.dev/2.12/v/missing"},{"type":"missing","loc":["body","items",2,"invoice_qty"],"msg":"Field required","input":{"part_no":"TEST_PR_C","make":"CSP","quantity":10},"url":"https://errors.pydantic.dev/2.12/v/missing"}]}
    assert 422 == 200
     +  where 422 = &lt;Response [422]&gt;.status_code</error></testcase><testcase classname="tests.test_partial_racking.TestCumulativeRacking" name="test_d_split_single_item_across_two_locations_in_one_rkn" time="0.000"><error message="failed on setup with &quot;AssertionError: {&quot;detail&quot;:[{&quot;type&quot;:&quot;missing&quot;,&quot;loc&quot;:[&quot;body&quot;,&quot;items&quot;,0,&quot;invoice_qty&quot;],&quot;msg&quot;:&quot;Field required&quot;,&quot;input&quot;:{&quot;part_no&quot;:&quot;TEST_PR_A&quot;,&quot;make&quot;:&quot;CSP&quot;,&quot;quantity&quot;:10},&quot;url&quot;:&quot;https://errors.pydantic.dev/2.12/v/missing&quot;},{&quot;type&quot;:&quot;missing&quot;,&quot;loc&quot;:[&quot;body&quot;,&quot;items&quot;,1,&quot;invoice_qty&quot;],&quot;msg&quot;:&quot;Field required&quot;,&quot;input&quot;:{&quot;part_no&quot;:&quot;TEST_PR_B&quot;,&quot;make&quot;:&quot;CSP&quot;,&quot;quantity&quot;:10},&quot;url&quot;:&quot;https://errors.pydantic.dev/2.12/v/missing&quot;},{&quot;type&quot;:&quot;missing&quot;,&quot;loc&quot;:[&quot;body&quot;,&quot;items&quot;,2,&quot;invoice_qty&quot;],&quot;msg&quot;:&quot;Field required&quot;,&quot;input&quot;:{&quot;part_no&quot;:&quot;TEST_PR_C&quot;,&quot;make&quot;:&quot;CSP&quot;,&quot;quantity&quot;:10},&quot;url&quot;:&quot;https://errors.pydantic.dev/2.12/v/missing&quot;}]}&#10;assert 422 == 200&#10; +  where 422 = &lt;Response [422]&gt;.status_code&quot;">E   AssertionError: {"detail":[{"type":"missing","loc":["body","items",0,"invoice_qty"],"msg":"Field required","input":{"part_no":"TEST_PR_A","make":"CSP","quantity":10},"url":"https://errors.pydantic.dev/2.12/v/missing"},{"type":"missing","loc":["body","items",1,"invoice_qty"],"msg":"Field required","input":{"part_no":"TEST_PR_B","make":"CSP","quantity":10},"url":"https://errors.pydantic.dev/2.12/v/missing"},{"type":"missing","loc":["body","items",2,"invoice_qty"],"msg":"Field required","input":{"part_no":"TEST_PR_C","make":"CSP","quantity":10},"url":"https://errors.pydantic.dev/2.12/v/missing"}]}
    assert 422 == 200
     +  where 422 = &lt;Response [422]&gt;.status_code</error></testcase><testcase classname="tests.test_partial_racking.TestCumulativeRacking" name="test_e_put_excludes_self_in_cumulative_validation" time="0.000"><error message="failed on setup with &quot;AssertionError: {&quot;detail&quot;:[{&quot;type&quot;:&quot;missing&quot;,&quot;loc&quot;:[&quot;body&quot;,&quot;items&quot;,0,&quot;invoice_qty&quot;],&quot;msg&quot;:&quot;Field required&quot;,&quot;input&quot;:{&quot;part_no&quot;:&quot;TEST_PR_A&quot;,&quot;make&quot;:&quot;CSP&quot;,&quot;quantity&quot;:10},&quot;url&quot;:&quot;https://errors.pydantic.dev/2.12/v/missing&quot;},{&quot;type&quot;:&quot;missing&quot;,&quot;loc&quot;:[&quot;body&quot;,&quot;items&quot;,1,&quot;invoice_qty&quot;],&quot;msg&quot;:&quot;Field required&quot;,&quot;input&quot;:{&quot;part_no&quot;:&quot;TEST_PR_B&quot;,&quot;make&quot;:&quot;CSP&quot;,&quot;quantity&quot;:10},&quot;url&quot;:&quot;https://errors.pydantic.dev/2.12/v/missing&quot;},{&quot;type&quot;:&quot;missing&quot;,&quot;loc&quot;:[&quot;body&quot;,&quot;items&quot;,2,&quot;invoice_qty&quot;],&quot;msg&quot;:&quot;Field required&quot;,&quot;input&quot;:{&quot;part_no&quot;:&quot;TEST_PR_C&quot;,&quot;make&quot;:&quot;CSP&quot;,&quot;quantity&quot;:10},&quot;url&quot;:&quot;https://errors.pydantic.dev/2.12/v/missing&quot;}]}&#10;assert 422 == 200&#10; +  where 422 = &lt;Response [422]&gt;.status_code&quot;">E   AssertionError: {"detail":[{"type":"missing","loc":["body","items",0,"invoice_qty"],"msg":"Field required","input":{"part_no":"TEST_PR_A","make":"CSP","quantity":10},"url":"https://errors.pydantic.dev/2.12/v/missing"},{"type":"missing","loc":["body","items",1,"invoice_qty"],"msg":"Field required","input":{"part_no":"TEST_PR_B","make":"CSP","quantity":10},"url":"https://errors.pydantic.dev/2.12/v/missing"},{"type":"missing","loc":["body","items",2,"invoice_qty"],"msg":"Field required","input":{"part_no":"TEST_PR_C","make":"CSP","quantity":10},"url":"https://errors.pydantic.dev/2.12/v/missing"}]}
    assert 422 == 200
     +  where 422 = &lt;Response [422]&gt;.status_code</error></testcase><testcase classname="tests.test_partial_racking.TestCumulativeRacking" name="test_f_prepare_with_exclude_rkn_id" time="0.000"><error message="failed on setup with &quot;AssertionError: {&quot;detail&quot;:[{&quot;type&quot;:&quot;missing&quot;,&quot;loc&quot;:[&quot;body&quot;,&quot;items&quot;,0,&quot;invoice_qty&quot;],&quot;msg&quot;:&quot;Field required&quot;,&quot;input&quot;:{&quot;part_no&quot;:&quot;TEST_PR_A&quot;,&quot;make&quot;:&quot;CSP&quot;,&quot;quantity&quot;:10},&quot;url&quot;:&quot;https://errors.pydantic.dev/2.12/v/missing&quot;},{&quot;type&quot;:&quot;missing&quot;,&quot;loc&quot;:[&quot;body&quot;,&quot;items&quot;,1,&quot;invoice_qty&quot;],&quot;msg&quot;:&quot;Field required&quot;,&quot;input&quot;:{&quot;part_no&quot;:&quot;TEST_PR_B&quot;,&quot;make&quot;:&quot;CSP&quot;,&quot;quantity&quot;:10},&quot;url&quot;:&quot;https://errors.pydantic.dev/2.12/v/missing&quot;},{&quot;type&quot;:&quot;missing&quot;,&quot;loc&quot;:[&quot;body&quot;,&quot;items&quot;,2,&quot;invoice_qty&quot;],&quot;msg&quot;:&quot;Field required&quot;,&quot;input&quot;:{&quot;part_no&quot;:&quot;TEST_PR_C&quot;,&quot;make&quot;:&quot;CSP&quot;,&quot;quantity&quot;:10},&quot;url&quot;:&quot;https://errors.pydantic.dev/2.12/v/missing&quot;}]}&#10;assert 422 == 200&#10; +  where 422 = &lt;Response [422]&gt;.status_code&quot;">E   AssertionError: {"detail":[{"type":"missing","loc":["body","items",0,"invoice_qty"],"msg":"Field required","input":{"part_no":"TEST_PR_A","make":"CSP","quantity":10},"url":"https://errors.pydantic.dev/2.12/v/missing"},{"type":"missing","loc":["body","items",1,"invoice_qty"],"msg":"Field required","input":{"part_no":"TEST_PR_B","make":"CSP","quantity":10},"url":"https://errors.pydantic.dev/2.12/v/missing"},{"type":"missing","loc":["body","items",2,"invoice_qty"],"msg":"Field required","input":{"part_no":"TEST_PR_C","make":"CSP","quantity":10},"url":"https://errors.pydantic.dev/2.12/v/missing"}]}
    assert 422 == 200
     +  where 422 = &lt;Response [422]&gt;.status_code</error></testcase><testcase classname="tests.test_partial_racking.TestCumulativeRacking" name="test_g_record_flips_only_rkn_not_rn" time="0.000"><error message="failed on setup with &quot;AssertionError: {&quot;detail&quot;:[{&quot;type&quot;:&quot;missing&quot;,&quot;loc&quot;:[&quot;body&quot;,&quot;items&quot;,0,&quot;invoice_qty&quot;],&quot;msg&quot;:&quot;Field required&quot;,&quot;input&quot;:{&quot;part_no&quot;:&quot;TEST_PR_A&quot;,&quot;make&quot;:&quot;CSP&quot;,&quot;quantity&quot;:10},&quot;url&quot;:&quot;https://errors.pydantic.dev/2.12/v/missing&quot;},{&quot;type&quot;:&quot;missing&quot;,&quot;loc&quot;:[&quot;body&quot;,&quot;items&quot;,1,&quot;invoice_qty&quot;],&quot;msg&quot;:&quot;Field required&quot;,&quot;input&quot;:{&quot;part_no&quot;:&quot;TEST_PR_B&quot;,&quot;make&quot;:&quot;CSP&quot;,&quot;quantity&quot;:10},&quot;url&quot;:&quot;https://errors.pydantic.dev/2.12/v/missing&quot;},{&quot;type&quot;:&quot;missing&quot;,&quot;loc&quot;:[&quot;body&quot;,&quot;items&quot;,2,&quot;invoice_qty&quot;],&quot;msg&quot;:&quot;Field required&quot;,&quot;input&quot;:{&quot;part_no&quot;:&quot;TEST_PR_C&quot;,&quot;make&quot;:&quot;CSP&quot;,&quot;quantity&quot;:10},&quot;url&quot;:&quot;https://errors.pydantic.dev/2.12/v/missing&quot;}]}&#10;assert 422 == 200&#10; +  where 422 = &lt;Response [422]&gt;.status_code&quot;">E   AssertionError: {"detail":[{"type":"missing","loc":["body","items",0,"invoice_qty"],"msg":"Field required","input":{"part_no":"TEST_PR_A","make":"CSP","quantity":10},"url":"https://errors.pydantic.dev/2.12/v/missing"},{"type":"missing","loc":["body","items",1,"invoice_qty"],"msg":"Field required","input":{"part_no":"TEST_PR_B","make":"CSP","quantity":10},"url":"https://errors.pydantic.dev/2.12/v/missing"},{"type":"missing","loc":["body","items",2,"invoice_qty"],"msg":"Field required","input":{"part_no":"TEST_PR_C","make":"CSP","quantity":10},"url":"https://errors.pydantic.dev/2.12/v/missing"}]}
    assert 422 == 200
     +  where 422 = &lt;Response [422]&gt;.status_code</error></testcase><testcase classname="tests.test_partial_racking.TestCumulativeRacking" name="test_h_rn_edit_delete_blocked_when_any_rkn" time="0.000"><error message="failed on setup with &quot;AssertionError: {&quot;detail&quot;:[{&quot;type&quot;:&quot;missing&quot;,&quot;loc&quot;:[&quot;body&quot;,&quot;items&quot;,0,&quot;invoice_qty&quot;],&quot;msg&quot;:&quot;Field required&quot;,&quot;input&quot;:{&quot;part_no&quot;:&quot;TEST_PR_A&quot;,&quot;make&quot;:&quot;CSP&quot;,&quot;quantity&quot;:10},&quot;url&quot;:&quot;https://errors.pydantic.dev/2.12/v/missing&quot;},{&quot;type&quot;:&quot;missing&quot;,&quot;loc&quot;:[&quot;body&quot;,&quot;items&quot;,1,&quot;invoice_qty&quot;],&quot;msg&quot;:&quot;Field required&quot;,&quot;input&quot;:{&quot;part_no&quot;:&quot;TEST_PR_B&quot;,&quot;make&quot;:&quot;CSP&quot;,&quot;quantity&quot;:10},&quot;url&quot;:&quot;https://errors.pydantic.dev/2.12/v/missing&quot;},{&quot;type&quot;:&quot;missing&quot;,&quot;loc&quot;:[&quot;body&quot;,&quot;items&quot;,2,&quot;invoice_qty&quot;],&quot;msg&quot;:&quot;Field required&quot;,&quot;input&quot;:{&quot;part_no&quot;:&quot;TEST_PR_C&quot;,&quot;make&quot;:&quot;CSP&quot;,&quot;quantity&quot;:10},&quot;url&quot;:&quot;https://errors.pydantic.dev/2.12/v/missing&quot;}]}&#10;assert 422 == 200&#10; +  where 422 = &lt;Response [422]&gt;.status_code&quot;">E   AssertionError: {"detail":[{"type":"missing","loc":["body","items",0,"invoice_qty"],"msg":"Field required","input":{"part_no":"TEST_PR_A","make":"CSP","quantity":10},"url":"https://errors.pydantic.dev/2.12/v/missing"},{"type":"missing","loc":["body","items",1,"invoice_qty"],"msg":"Field required","input":{"part_no":"TEST_PR_B","make":"CSP","quantity":10},"url":"https://errors.pydantic.dev/2.12/v/missing"},{"type":"missing","loc":["body","items",2,"invoice_qty"],"msg":"Field required","input":{"part_no":"TEST_PR_C","make":"CSP","quantity":10},"url":"https://errors.pydantic.dev/2.12/v/missing"}]}
    assert 422 == 200
     +  where 422 = &lt;Response [422]&gt;.status_code</error></testcase><testcase classname="tests.test_partial_racking.TestCumulativeRacking" name="test_i_delete_draft_rkn_recomputes_rn_status" time="0.000"><error message="failed on setup with &quot;AssertionError: {&quot;detail&quot;:[{&quot;type&quot;:&quot;missing&quot;,&quot;loc&quot;:[&quot;body&quot;,&quot;items&quot;,0,&quot;invoice_qty&quot;],&quot;msg&quot;:&quot;Field required&quot;,&quot;input&quot;:{&quot;part_no&quot;:&quot;TEST_PR_A&quot;,&quot;make&quot;:&quot;CSP&quot;,&quot;quantity&quot;:10},&quot;url&quot;:&quot;https://errors.pydantic.dev/2.12/v/missing&quot;},{&quot;type&quot;:&quot;missing&quot;,&quot;loc&quot;:[&quot;body&quot;,&quot;items&quot;,1,&quot;invoice_qty&quot;],&quot;msg&quot;:&quot;Field required&quot;,&quot;input&quot;:{&quot;part_no&quot;:&quot;TEST_PR_B&quot;,&quot;make&quot;:&quot;CSP&quot;,&quot;quantity&quot;:10},&quot;url&quot;:&quot;https://errors.pydantic.dev/2.12/v/missing&quot;},{&quot;type&quot;:&quot;missing&quot;,&quot;loc&quot;:[&quot;body&quot;,&quot;items&quot;,2,&quot;invoice_qty&quot;],&quot;msg&quot;:&quot;Field required&quot;,&quot;input&quot;:{&quot;part_no&quot;:&quot;TEST_PR_C&quot;,&quot;make&quot;:&quot;CSP&quot;,&quot;quantity&quot;:10},&quot;url&quot;:&quot;https://errors.pydantic.dev/2.12/v/missing&quot;}]}&#10;assert 422 == 200&#10; +  where 422 = &lt;Response [422]&gt;.status_code&quot;">E   AssertionError: {"detail":[{"type":"missing","loc":["body","items",0,"invoice_qty"],"msg":"Field required","input":{"part_no":"TEST_PR_A","make":"CSP","quantity":10},"url":"https://errors.pydantic.dev/2.12/v/missing"},{"type":"missing","loc":["body","items",1,"invoice_qty"],"msg":"Field required","input":{"part_no":"TEST_PR_B","make":"CSP","quantity":10},"url":"https://errors.pydantic.dev/2.12/v/missing"},{"type":"missing","loc":["body","items",2,"invoice_qty"],"msg":"Field required","input":{"part_no":"TEST_PR_C","make":"CSP","quantity":10},"url":"https://errors.pydantic.dev/2.12/v/missing"}]}
    assert 422 == 200
     +  where 422 = &lt;Response [422]&gt;.status_code</error></testcase><testcase classname="tests.test_partial_racking.TestCumulativeRacking" name="test_j_finish_all_then_rn_fully_racked" time="0.000"><error message="failed on setup with &quot;AssertionError: {&quot;detail&quot;:[{&quot;type&quot;:&quot;missing&quot;,&quot;loc&quot;:[&quot;body&quot;,&quot;items&quot;,0,&quot;invoice_qty&quot;],&quot;msg&quot;:&quot;Field required&quot;,&quot;input&quot;:{&quot;part_no&quot;:&quot;TEST_PR_A&quot;,&quot;make&quot;:&quot;CSP&quot;,&quot;quantity&quot;:10},&quot;url&quot;:&quot;https://errors.pydantic.dev/2.12/v/missing&quot;},{&quot;type&quot;:&quot;missing&quot;,&quot;loc&quot;:[&quot;body&quot;,&quot;items&quot;,1,&quot;invoice_qty&quot;],&quot;msg&quot;:&quot;Field required&quot;,&quot;input&quot;:{&quot;part_no&quot;:&quot;TEST_PR_B&quot;,&quot;make&quot;:&quot;CSP&quot;,&quot;quantity&quot;:10},&quot;url&quot;:&quot;https://errors.pydantic.dev/2.12/v/missing&quot;},{&quot;type&quot;:&quot;missing&quot;,&quot;loc&quot;:[&quot;body&quot;,&quot;items&quot;,2,&quot;invoice_qty&quot;],&quot;msg&quot;:&quot;Field required&quot;,&quot;input&quot;:{&quot;part_no&quot;:&quot;TEST_PR_C&quot;,&quot;make&quot;:&quot;CSP&quot;,&quot;quantity&quot;:10},&quot;url&quot;:&quot;https://errors.pydantic.dev/2.12/v/missing&quot;}]}&#10;assert 422 == 200&#10; +  where 422 = &lt;Response [422]&gt;.status_code&quot;">E   AssertionError: {"detail":[{"type":"missing","loc":["body","items",0,"invoice_qty"],"msg":"Field required","input":{"part_no":"TEST_PR_A","make":"CSP","quantity":10},"url":"https://errors.pydantic.dev/2.12/v/missing"},{"type":"missing","loc":["body","items",1,"invoice_qty"],"msg":"Field required","input":{"part_no":"TEST_PR_B","make":"CSP","quantity":10},"url":"https://errors.pydantic.dev/2.12/v/missing"},{"type":"missing","loc":["body","items",2,"invoice_qty"],"msg":"Field required","input":{"part_no":"TEST_PR_C","make":"CSP","quantity":10},"url":"https://errors.pydantic.dev/2.12/v/missing"}]}
    assert 422 == 200
     +  where 422 = &lt;Response [422]&gt;.status_code</error></testcase></testsuite></testsuites>