<?xml version="1.0" encoding="utf-8"?><testsuites name="pytest tests"><testsuite name="pytest" errors="0" failures="0" skipped="0" tests="61" time="30.743" timestamp="2026-04-29T13:17:49.164522+00:00" hostname="agent-env-5354b8b7-a329-4906-935a-e5096a32ae7b"><testcase classname="tests.test_iter29_auto_rkn_workflow.TestRule1RnFinalizeAutoRkn" name="test_finalize_full_match_auto_creates_rkn" time="2.315" /><testcase classname="tests.test_iter29_auto_rkn_workflow.TestRule1RnFinalizeAutoRkn" name="test_finalize_with_shortfall_creates_srn_and_rkn" time="0.467" /><testcase classname="tests.test_iter29_auto_rkn_workflow.TestRule1RnFinalizeAutoRkn" name="test_finalize_with_zero_received_no_rkn" time="0.499" /><testcase classname="tests.test_iter29_auto_rkn_workflow.TestRule2RknRecordBalance" name="test_partial_racking_creates_balance_rkn" time="0.654" /><testcase classname="tests.test_iter29_auto_rkn_workflow.TestRule2RknRecordBalance" name="test_full_racking_no_balance_rkn" time="0.685" /><testcase classname="tests.test_iter29_auto_rkn_workflow.TestRule3SrnChildAutoRkn" name="test_srn_child_save_creates_rkn" time="0.585" /><testcase classname="tests.test_iter29_auto_rkn_workflow.TestRule3SrnChildAutoRkn" name="test_srn_child_zero_received_no_rkn" time="0.444" /><testcase classname="tests.test_iter29_auto_rkn_workflow.TestEndToEndScenario" name="test_step_1_thru_5_ends_with_fully_racked" time="1.958" /><testcase classname="tests.test_iter27_refactor_regression.TestAuth" name="test_login_success_returns_token_and_admin_user" time="0.321" /><testcase classname="tests.test_iter27_refactor_regression.TestAuth" name="test_me_no_password_hash" time="0.102" /><testcase classname="tests.test_iter27_refactor_regression.TestAuth" name="test_put_me_self_service" time="0.219" /><testcase classname="tests.test_iter27_refactor_regression.TestAuth" name="test_lockout_after_5_failed_attempts_for_temp_user" time="2.170" /><testcase classname="tests.test_iter27_refactor_regression.TestUsers" name="test_list_users" time="0.116" /><testcase classname="tests.test_iter27_refactor_regression.TestUsers" name="test_meta_modules_returns_9" time="0.104" /><testcase classname="tests.test_iter27_refactor_regression.TestUsers" name="test_create_update_delete_user_with_notifications" time="0.785" /><testcase classname="tests.test_iter27_refactor_regression.TestUsers" name="test_assignable_admin_always_included" time="0.106" /><testcase classname="tests.test_iter27_refactor_regression.TestNotifications" name="test_list_notifications" time="0.111" /><testcase classname="tests.test_iter27_refactor_regression.TestNotifications" name="test_unread_count" time="0.110" /><testcase classname="tests.test_iter27_refactor_regression.TestNotifications" name="test_mark_read" time="0.101" /><testcase classname="tests.test_iter27_refactor_regression.TestStockMaster" name="test_get_one_and_list" time="0.653" /><testcase classname="tests.test_iter27_refactor_regression.TestStockMaster" name="test_distinct_field" time="0.233" /><testcase classname="tests.test_iter27_refactor_regression.TestStockMaster" name="test_lookup_makes_and_item" time="0.223" /><testcase classname="tests.test_iter27_refactor_regression.TestStockMaster" name="test_download_template_and_export" time="0.251" /><testcase classname="tests.test_iter27_refactor_regression.TestStockMaster" name="test_column_settings_get_put" time="0.221" /><testcase classname="tests.test_iter27_refactor_regression.TestStockMaster" name="test_update_and_delete" time="0.321" /><testcase classname="tests.test_iter27_refactor_regression.TestLocations" name="test_list_godowns_racks_boxes" time="0.345" /><testcase classname="tests.test_iter27_refactor_regression.TestLocations" name="test_range_create_and_bulk_delete" time="0.142" /><testcase classname="tests.test_iter27_refactor_regression.TestUploads" name="test_upload_image_and_fetch" time="0.464" /><testcase classname="tests.test_iter27_refactor_regression.TestTransactions" name="test_stock_in_and_balance_and_out" time="0.311" /><testcase classname="tests.test_iter27_refactor_regression.TestTransactions" name="test_low_stock" time="0.123" /><testcase classname="tests.test_iter27_refactor_regression.TestTransactions" name="test_dashboard_stats" time="0.102" /><testcase classname="tests.test_iter27_refactor_regression.TestReceiptNotes" name="test_next_no_and_create_draft" time="0.509" /><testcase classname="tests.test_iter27_refactor_regression.TestVariousLookupsNextNo" name="test_srn_next_no_and_list" time="3.622" /><testcase classname="tests.test_iter27_refactor_regression.TestVariousLookupsNextNo" name="test_issue_notes_lookup_by_part_no" time="0.104" /><testcase classname="tests.test_iter27_refactor_regression.TestVariousLookupsNextNo" name="test_transfer_requests_lookup_by_part_no" time="0.104" /><testcase classname="tests.test_iter27_refactor_regression.TestItemDetails" name="test_search" time="0.111" /><testcase classname="tests.test_iter27_refactor_regression.TestItemDetails" name="test_by_part_no_and_make" time="0.123" /><testcase classname="tests.test_iter27_refactor_regression.TestModuleAccess" name="test_staff_blocked_on_disabled_module" time="1.008" /><testcase classname="tests.test_iter28_refactor_regression.TestDashboardRouter" name="test_stock_balance_shape" time="0.468" /><testcase classname="tests.test_iter28_refactor_regression.TestDashboardRouter" name="test_dashboard_stats_keys" time="0.105" /><testcase classname="tests.test_iter28_refactor_regression.TestDashboardRouter" name="test_low_stock_acl_blocks_disabled_staff" time="0.870" /><testcase classname="tests.test_iter28_refactor_regression.TestDashboardRouter" name="test_stock_summary_acl_blocks_disabled_staff" time="0.893" /><testcase classname="tests.test_iter28_refactor_regression.TestItemDetailsRouter" name="test_search_filters_by_q" time="0.591" /><testcase classname="tests.test_iter28_refactor_regression.TestItemDetailsRouter" name="test_item_details_no_objectid_in_response" time="0.123" /><testcase classname="tests.test_iter28_refactor_regression.TestItemDetailsRouter" name="test_acl_blocks_when_item_details_disabled" time="0.908" /><testcase classname="tests.test_iter28_refactor_regression.TestUploadsRouter" name="test_upload_rejects_non_image" time="0.099" /><testcase classname="tests.test_iter28_refactor_regression.TestUploadsRouter" name="test_upload_then_serve_back_authenticated" time="0.472" /><testcase classname="tests.test_iter28_refactor_regression.TestLocationsRouterNewSurfaces" name="test_godown_download_template" time="0.112" /><testcase classname="tests.test_iter28_refactor_regression.TestLocationsRouterNewSurfaces" name="test_rack_download_template" time="0.100" /><testcase classname="tests.test_iter28_refactor_regression.TestLocationsRouterNewSurfaces" name="test_box_download_template" time="0.125" /><testcase classname="tests.test_iter28_refactor_regression.TestLocationsRouterNewSurfaces" name="test_boxes_range_create" time="0.157" /><testcase classname="tests.test_iter28_refactor_regression.TestLocationsRouterNewSurfaces" name="test_godowns_bulk_delete" time="0.314" /><testcase classname="tests.test_iter28_refactor_regression.TestLocationsRouterNewSurfaces" name="test_boxes_bulk_delete" time="0.203" /><testcase classname="tests.test_iter28_refactor_regression.TestLocationsRouterNewSurfaces" name="test_acl_locations_disabled_blocks_godowns" time="0.879" /><testcase classname="tests.test_iter28_refactor_regression.TestStockMasterRouterNewSurfaces" name="test_bulk_preview_with_invalid_payload_returns_4xx" time="0.107" /><testcase classname="tests.test_iter28_refactor_regression.TestStockMasterRouterNewSurfaces" name="test_distinct_returns_list" time="0.292" /><testcase classname="tests.test_iter28_refactor_regression.TestStockMasterRouterNewSurfaces" name="test_acl_stock_master_disabled_blocks_get" time="0.853" /><testcase classname="tests.test_iter28_refactor_regression.TestStockMasterRouterNewSurfaces" name="test_acl_stock_master_disabled_blocks_post" time="0.867" /><testcase classname="tests.test_iter28_refactor_regression.TestStockMasterRouterNewSurfaces" name="test_acl_admin_bypasses" time="0.138" /><testcase classname="tests.test_iter28_refactor_regression.TestKeptInServerWorkflow" name="test_full_stock_in_then_receipt_note_finalize" time="0.352" /><testcase classname="tests.test_iter28_refactor_regression.TestKeptInServerWorkflow" name="test_racking_picking_transfer_next_no_endpoints" time="0.784" /></testsuite></testsuites>