<?xml version="1.0" encoding="utf-8"?><testsuites name="pytest tests"><testsuite name="pytest" errors="0" failures="0" skipped="0" tests="10" time="5.628" timestamp="2026-04-28T21:53:55.709838+00:00" hostname="agent-env-5354b8b7-a329-4906-935a-e5096a32ae7b"><testcase classname="backend.tests.test_iter24_slice_workflow.TestTC1SimpleRnRacking" name="test_finalize_then_record_rkn" time="0.942" /><testcase classname="backend.tests.test_iter24_slice_workflow.TestTC2SrnSliceSingle" name="test_first_fulfill_creates_child_srn" time="0.376" /><testcase classname="backend.tests.test_iter24_slice_workflow.TestTC3SrnMultiSlice" name="test_three_slices_complete_parent" time="0.493" /><testcase classname="backend.tests.test_iter24_slice_workflow.TestTC4OverFulfillmentRejected" name="test_exceeds_remaining_short" time="0.348" /><testcase classname="backend.tests.test_iter24_slice_workflow.TestTC5EditChildSlice" name="test_edit_then_block_after_rkn" time="0.708" /><testcase classname="backend.tests.test_iter24_slice_workflow.TestTC6DeleteChildSlice" name="test_delete_then_block_after_rkn" time="0.751" /><testcase classname="backend.tests.test_iter24_slice_workflow.TestTC7ErnSliceSingle" name="test_accept_creates_child_ern" time="0.425" /><testcase classname="backend.tests.test_iter24_slice_workflow.TestTC8ErnReject" name="test_accept_then_reject_remainder_completes" time="0.392" /><testcase classname="backend.tests.test_iter24_slice_workflow.TestTC9RnStatusWithSliceModel" name="test_rn_status_after_slice_and_rkn" time="0.666" /><testcase classname="backend.tests.test_iter24_slice_workflow.TestTC11RackingSourcesIncludesChild" name="test_child_srn_in_sources_and_parent_excluded" time="0.425" /></testsuite></testsuites>