<?xml version="1.0" encoding="utf-8"?><testsuites name="pytest tests"><testsuite name="pytest" errors="0" failures="0" skipped="0" tests="78" time="107.987" timestamp="2026-04-29T14:20:39.970304+00:00" hostname="agent-env-5354b8b7-a329-4906-935a-e5096a32ae7b"><testcase classname="tests.test_iter27_refactor_regression.TestAuth" name="test_login_success_returns_token_and_admin_user" time="0.361" /><testcase classname="tests.test_iter27_refactor_regression.TestAuth" name="test_me_no_password_hash" time="0.135" /><testcase classname="tests.test_iter27_refactor_regression.TestAuth" name="test_put_me_self_service" time="0.214" /><testcase classname="tests.test_iter27_refactor_regression.TestAuth" name="test_lockout_after_5_failed_attempts_for_temp_user" time="2.227" /><testcase classname="tests.test_iter27_refactor_regression.TestUsers" name="test_list_users" time="0.114" /><testcase classname="tests.test_iter27_refactor_regression.TestUsers" name="test_meta_modules_returns_9" time="0.098" /><testcase classname="tests.test_iter27_refactor_regression.TestUsers" name="test_create_update_delete_user_with_notifications" time="0.768" /><testcase classname="tests.test_iter27_refactor_regression.TestUsers" name="test_assignable_admin_always_included" time="0.119" /><testcase classname="tests.test_iter27_refactor_regression.TestNotifications" name="test_list_notifications" time="0.101" /><testcase classname="tests.test_iter27_refactor_regression.TestNotifications" name="test_unread_count" time="0.169" /><testcase classname="tests.test_iter27_refactor_regression.TestNotifications" name="test_mark_read" time="0.107" /><testcase classname="tests.test_iter27_refactor_regression.TestStockMaster" name="test_get_one_and_list" time="0.651" /><testcase classname="tests.test_iter27_refactor_regression.TestStockMaster" name="test_distinct_field" time="0.127" /><testcase classname="tests.test_iter27_refactor_regression.TestStockMaster" name="test_lookup_makes_and_item" time="0.205" /><testcase classname="tests.test_iter27_refactor_regression.TestStockMaster" name="test_download_template_and_export" time="0.286" /><testcase classname="tests.test_iter27_refactor_regression.TestStockMaster" name="test_column_settings_get_put" time="0.215" /><testcase classname="tests.test_iter27_refactor_regression.TestStockMaster" name="test_update_and_delete" time="0.316" /><testcase classname="tests.test_iter27_refactor_regression.TestLocations" name="test_list_godowns_racks_boxes" time="0.330" /><testcase classname="tests.test_iter27_refactor_regression.TestLocations" name="test_range_create_and_bulk_delete" time="0.141" /><testcase classname="tests.test_iter27_refactor_regression.TestUploads" name="test_upload_image_and_fetch" time="0.510" /><testcase classname="tests.test_iter27_refactor_regression.TestTransactions" name="test_stock_in_and_balance_and_out" time="0.333" /><testcase classname="tests.test_iter27_refactor_regression.TestTransactions" name="test_low_stock" time="0.107" /><testcase classname="tests.test_iter27_refactor_regression.TestTransactions" name="test_dashboard_stats" time="39.859" /><testcase classname="tests.test_iter27_refactor_regression.TestReceiptNotes" name="test_next_no_and_create_draft" time="0.562" /><testcase classname="tests.test_iter27_refactor_regression.TestVariousLookupsNextNo" name="test_srn_next_no_and_list" time="10.882" /><testcase classname="tests.test_iter27_refactor_regression.TestVariousLookupsNextNo" name="test_issue_notes_lookup_by_part_no" time="0.112" /><testcase classname="tests.test_iter27_refactor_regression.TestVariousLookupsNextNo" name="test_transfer_requests_lookup_by_part_no" time="0.107" /><testcase classname="tests.test_iter27_refactor_regression.TestItemDetails" name="test_search" time="0.115" /><testcase classname="tests.test_iter27_refactor_regression.TestItemDetails" name="test_by_part_no_and_make" time="19.386" /><testcase classname="tests.test_iter27_refactor_regression.TestModuleAccess" name="test_staff_blocked_on_disabled_module" time="1.114" /><testcase classname="tests.test_iter28_refactor_regression.TestDashboardRouter" name="test_stock_balance_shape" time="0.437" /><testcase classname="tests.test_iter28_refactor_regression.TestDashboardRouter" name="test_dashboard_stats_keys" time="0.111" /><testcase classname="tests.test_iter28_refactor_regression.TestDashboardRouter" name="test_low_stock_acl_blocks_disabled_staff" time="0.952" /><testcase classname="tests.test_iter28_refactor_regression.TestDashboardRouter" name="test_stock_summary_acl_blocks_disabled_staff" time="0.932" /><testcase classname="tests.test_iter28_refactor_regression.TestItemDetailsRouter" name="test_search_filters_by_q" time="0.573" /><testcase classname="tests.test_iter28_refactor_regression.TestItemDetailsRouter" name="test_item_details_no_objectid_in_response" time="0.115" /><testcase classname="tests.test_iter28_refactor_regression.TestItemDetailsRouter" name="test_acl_blocks_when_item_details_disabled" time="0.959" /><testcase classname="tests.test_iter28_refactor_regression.TestUploadsRouter" name="test_upload_rejects_non_image" time="0.116" /><testcase classname="tests.test_iter28_refactor_regression.TestUploadsRouter" name="test_upload_then_serve_back_authenticated" time="0.473" /><testcase classname="tests.test_iter28_refactor_regression.TestLocationsRouterNewSurfaces" name="test_godown_download_template" time="0.105" /><testcase classname="tests.test_iter28_refactor_regression.TestLocationsRouterNewSurfaces" name="test_rack_download_template" time="0.097" /><testcase classname="tests.test_iter28_refactor_regression.TestLocationsRouterNewSurfaces" name="test_box_download_template" time="0.106" /><testcase classname="tests.test_iter28_refactor_regression.TestLocationsRouterNewSurfaces" name="test_boxes_range_create" time="0.107" /><testcase classname="tests.test_iter28_refactor_regression.TestLocationsRouterNewSurfaces" name="test_godowns_bulk_delete" time="0.345" /><testcase classname="tests.test_iter28_refactor_regression.TestLocationsRouterNewSurfaces" name="test_boxes_bulk_delete" time="0.300" /><testcase classname="tests.test_iter28_refactor_regression.TestLocationsRouterNewSurfaces" name="test_acl_locations_disabled_blocks_godowns" time="0.908" /><testcase classname="tests.test_iter28_refactor_regression.TestStockMasterRouterNewSurfaces" name="test_bulk_preview_with_invalid_payload_returns_4xx" time="0.115" /><testcase classname="tests.test_iter28_refactor_regression.TestStockMasterRouterNewSurfaces" name="test_distinct_returns_list" time="0.332" /><testcase classname="tests.test_iter28_refactor_regression.TestStockMasterRouterNewSurfaces" name="test_acl_stock_master_disabled_blocks_get" time="0.905" /><testcase classname="tests.test_iter28_refactor_regression.TestStockMasterRouterNewSurfaces" name="test_acl_stock_master_disabled_blocks_post" time="0.888" /><testcase classname="tests.test_iter28_refactor_regression.TestStockMasterRouterNewSurfaces" name="test_acl_admin_bypasses" time="0.116" /><testcase classname="tests.test_iter28_refactor_regression.TestKeptInServerWorkflow" name="test_full_stock_in_then_receipt_note_finalize" time="0.633" /><testcase classname="tests.test_iter28_refactor_regression.TestKeptInServerWorkflow" name="test_racking_picking_transfer_next_no_endpoints" time="0.783" /><testcase classname="tests.test_iter29_auto_rkn_workflow.TestRule1RnFinalizeAutoRkn" name="test_finalize_full_match_auto_creates_rkn" time="1.155" /><testcase classname="tests.test_iter29_auto_rkn_workflow.TestRule1RnFinalizeAutoRkn" name="test_finalize_with_shortfall_creates_srn_and_rkn" time="0.462" /><testcase classname="tests.test_iter29_auto_rkn_workflow.TestRule1RnFinalizeAutoRkn" name="test_finalize_with_zero_received_no_rkn" time="0.338" /><testcase classname="tests.test_iter29_auto_rkn_workflow.TestRule2RknRecordBalance" name="test_partial_racking_creates_balance_rkn" time="0.776" /><testcase classname="tests.test_iter29_auto_rkn_workflow.TestRule2RknRecordBalance" name="test_full_racking_no_balance_rkn" time="0.685" /><testcase classname="tests.test_iter29_auto_rkn_workflow.TestRule3SrnChildAutoRkn" name="test_srn_child_save_creates_rkn" time="0.588" /><testcase classname="tests.test_iter29_auto_rkn_workflow.TestRule3SrnChildAutoRkn" name="test_srn_child_zero_received_no_rkn" time="0.450" /><testcase classname="tests.test_iter29_auto_rkn_workflow.TestEndToEndScenario" name="test_step_1_thru_5_ends_with_fully_racked" time="2.029" /><testcase classname="tests.test_iter29_edge_cases.TestRule1ExtraScenarios" name="test_invoice_greater_than_received_creates_srn_and_rkn_for_received" time="1.303" /><testcase classname="tests.test_iter29_edge_cases.TestRule1ExtraScenarios" name="test_invoice_less_than_received_creates_ern_and_rkn_for_received" time="0.462" /><testcase classname="tests.test_iter29_edge_cases.TestRule1ExtraScenarios" name="test_general_stock_in_type_finalize_auto_rkn" time="0.359" /><testcase classname="tests.test_iter29_edge_cases.TestRule1ExtraScenarios" name="test_multi_item_rn_with_mixed_qty" time="0.559" /><testcase classname="tests.test_iter29_edge_cases.TestRule3SrnChildPut" name="test_put_child_increases_received_qty_creates_rkn" time="0.730" /><testcase classname="tests.test_iter29_edge_cases.TestRule3ErnChildAutoRkn" name="test_ern_child_save_creates_rkn" time="0.708" /><testcase classname="tests.test_iter29_edge_cases.TestRule3ErnChildAutoRkn" name="test_ern_child_zero_accepted_no_rkn" time="0.529" /><testcase classname="tests.test_iter29_edge_cases.TestRule3ErnChildAutoRkn" name="test_ern_child_put_increase_creates_rkn" time="1.292" /><testcase classname="tests.test_iter30_status_cleanup.TestExistingDataStatuses" name="test_rn_statuses_within_allowed_set" time="0.485" /><testcase classname="tests.test_iter30_status_cleanup.TestExistingDataStatuses" name="test_srn_statuses_within_allowed_set_and_no_legacy_fields" time="0.114" /><testcase classname="tests.test_iter30_status_cleanup.TestExistingDataStatuses" name="test_ern_statuses_within_allowed_set_and_no_legacy_fields" time="0.102" /><testcase classname="tests.test_iter30_status_cleanup.TestExistingDataStatuses" name="test_rkn_statuses_within_allowed_set" time="0.123" /><testcase classname="tests.test_iter30_status_cleanup.TestExistingDataStatuses" name="test_rkn_sources_endpoint_no_racking_status_key" time="0.187" /><testcase classname="tests.test_iter30_status_cleanup.TestFinalizeProducesRackingNoteDraft" name="test_finalize_promotes_to_racking_note_draft" time="1.323" /><testcase classname="tests.test_iter30_status_cleanup.TestSecondRknBlocked" name="test_attempt_create_second_rkn_against_fully_racked_source_returns_409" time="1.194" /><testcase classname="tests.test_iter30_status_cleanup.TestSecondRknBlocked" name="test_rn_status_now_fully_racked" time="0.778" /><testcase classname="tests.test_iter30_status_cleanup.TestErnRejectedOnlyReturnsPartiallyAccepted" name="test_rejected_only_child_returns_partially_accepted" time="0.958" /></testsuite></testsuites>