<?xml version="1.0" encoding="utf-8"?><testsuites name="pytest tests"><testsuite name="pytest" errors="5" failures="29" skipped="1" tests="107" time="76.425" timestamp="2026-04-29T10:27:25.755691+00:00" hostname="agent-env-5354b8b7-a329-4906-935a-e5096a32ae7b"><testcase classname="tests.test_user_management.TestMetaModules" name="test_modules_returns_seven_keys" time="0.423"><failure message="AssertionError: assert {'item_detail...ock_out', ...} == {'locations',...summary', ...}&#10;  &#10;  Extra items in the left set:&#10;  'stock_transfer'&#10;  'item_details'&#10;  Use -v to get more diff">E   AssertionError: assert {'item_detail...ock_out', ...} == {'locations',...summary', ...}
      
      Extra items in the left set:
      'stock_transfer'
      'item_details'
      Use -v to get more diff</failure></testcase><testcase classname="tests.test_user_management.TestRegisterRemoved" name="test_register_endpoint_not_available" time="0.044" /><testcase classname="tests.test_user_management.TestUsersCRUD" name="test_admin_list_users" time="0.046" /><testcase classname="tests.test_user_management.TestUsersCRUD" name="test_create_staff_with_module_access" time="0.270" /><testcase classname="tests.test_user_management.TestUsersCRUD" name="test_create_duplicate_email_rejected" time="0.347" /><testcase classname="tests.test_user_management.TestUsersCRUD" name="test_create_short_password_rejected" time="0.047" /><testcase classname="tests.test_user_management.TestUsersCRUD" name="test_staff_cannot_list_users" time="0.799" /><testcase classname="tests.test_user_management.TestUsersCRUD" name="test_update_user_module_access_and_password" time="0.869" /><testcase classname="tests.test_user_management.TestUsersCRUD" name="test_delete_soft_deactivates" time="0.529" /><testcase classname="tests.test_user_management.TestLoginSecurity" name="test_login_success_updates_last_login" time="0.681" /><testcase classname="tests.test_user_management.TestLoginSecurity" name="test_lockout_after_5_failed_attempts" time="2.479" /><testcase classname="tests.test_user_management.TestLoginSecurity" name="test_deactivated_user_login_403" time="0.412" /><testcase classname="tests.test_user_management.TestProfileSelfService" name="test_self_update_name_and_password_clears_force_reset" time="1.335" /><testcase classname="tests.test_user_management.TestProfileSelfService" name="test_self_short_password_rejected" time="0.738" /><testcase classname="tests.test_user_management.TestModuleRBAC" name="test_staff_blocked_on_disabled_module" time="0.975" /><testcase classname="tests.test_user_management.TestModuleRBAC" name="test_admin_always_allowed" time="30.067" /><testcase classname="tests.test_notifications.TestListAndUnreadCount" name="test_admin_login_creates_auth_login_notif" time="0.377" /><testcase classname="tests.test_notifications.TestListAndUnreadCount" name="test_unread_count_endpoint" time="0.051" /><testcase classname="tests.test_notifications.TestListAndUnreadCount" name="test_items_sorted_desc_by_created_at" time="0.050" /><testcase classname="tests.test_notifications.TestListAndUnreadCount" name="test_limit_param" time="0.046" /><testcase classname="tests.test_notifications.TestNotificationTriggers" name="test_lockout_trigger" time="2.317" /><testcase classname="tests.test_notifications.TestNotificationTriggers" name="test_user_created_and_deactivated_triggers" time="0.719" /><testcase classname="tests.test_notifications.TestNotificationTriggers" name="test_stock_master_created_and_deleted_triggers" time="0.453" /><testcase classname="tests.test_notifications.TestStaffVisibility" name="test_staff_cannot_see_admin_audience_notifs" time="12.875" /><testcase classname="tests.test_notifications.TestStaffVisibility" name="test_staff_cannot_see_disabled_module_notifs" time="0.395" /><testcase classname="tests.test_notifications.TestStaffVisibility" name="test_staff_unread_count_lower_than_admin" time="0.090" /><testcase classname="tests.test_notifications.TestMarkRead" name="test_mark_specific_ids" time="0.141" /><testcase classname="tests.test_notifications.TestMarkRead" name="test_mark_specific_ids_idempotent" time="0.137" /><testcase classname="tests.test_notifications.TestMarkRead" name="test_mark_all_with_null_ids" time="0.620" /><testcase classname="tests.test_notifications.TestMarkRead" name="test_mark_all_empty_list_marks_all" time="8.855" /><testcase classname="tests.test_image_storage" name="test_upload_png" time="0.575" /><testcase classname="tests.test_image_storage" name="test_upload_jpg" time="0.209" /><testcase classname="tests.test_image_storage" name="test_upload_unsupported_type" time="0.113" /><testcase classname="tests.test_image_storage" name="test_upload_too_large" time="0.687" /><testcase classname="tests.test_image_storage" name="test_upload_no_auth" time="0.089" /><testcase classname="tests.test_image_storage" name="test_serve_with_bearer_header" time="0.483" /><testcase classname="tests.test_image_storage" name="test_serve_with_query_auth" time="0.220" /><testcase classname="tests.test_image_storage" name="test_serve_no_auth" time="0.101" /><testcase classname="tests.test_image_storage" name="test_serve_unknown_path" time="0.105" /><testcase classname="tests.test_image_storage" name="test_create_stock_master_with_5_images_ok" time="0.239" /><testcase classname="tests.test_image_storage" name="test_create_stock_master_with_6_images_rejected" time="0.103" /><testcase classname="tests.test_image_storage" name="test_update_stock_master_with_6_images_rejected" time="0.324" /><testcase classname="tests.test_image_storage" name="test_stock_balance_has_images_field" time="0.095" /><testcase classname="tests.test_stock_transfer" name="test_str_next_no" time="0.427" /><testcase classname="tests.test_stock_transfer" name="test_str_create_validates_qty_against_stock" time="0.619"><error message="failed on setup with &quot;KeyError: 'id'&quot;">E   KeyError: 'id'</error></testcase><testcase classname="tests.test_stock_transfer" name="test_full_transfer_flow_and_balance" time="0.000"><error message="failed on setup with &quot;KeyError: 'id'&quot;">E   KeyError: 'id'</error></testcase><testcase classname="tests.test_stock_transfer" name="test_stn_blocks_same_src_dest" time="0.000"><error message="failed on setup with &quot;KeyError: 'id'&quot;">E   KeyError: 'id'</error></testcase><testcase classname="tests.test_stock_transfer" name="test_stn_assignment_blocks_other_staff" time="0.000"><error message="failed on setup with &quot;KeyError: 'id'&quot;">E   KeyError: 'id'</error></testcase><testcase classname="tests.test_stock_transfer" name="test_module_access_blocks_when_disabled" time="0.000"><error message="failed on setup with &quot;KeyError: 'id'&quot;">E   KeyError: 'id'</error></testcase><testcase classname="tests.test_racking_notes.TestReceiptNoteStatus" name="test_all_existing_rns_have_status" time="0.451"><failure message="AssertionError: RN RN/26-27/017 has unexpected status FINAL&#10;assert 'FINAL' in ('RACKING_PENDING', 'RACKED')&#10; +  where 'FINAL' = &lt;built-in method get of dict object at 0xff29dc5129c0&gt;('status')&#10; +    where &lt;built-in method get of dict object at 0xff29dc5129c0&gt; = {'assigned_to_email': '', 'assigned_to_name': '', 'assigned_to_user_id': None, 'created_at': '2026-04-29T10:26:57.212270+00:00', ...}.get">E   AssertionError: RN RN/26-27/017 has unexpected status FINAL
    assert 'FINAL' in ('RACKING_PENDING', 'RACKED')
     +  where 'FINAL' = &lt;built-in method get of dict object at 0xff29dc5129c0&gt;('status')
     +    where &lt;built-in method get of dict object at 0xff29dc5129c0&gt; = {'assigned_to_email': '', 'assigned_to_name': '', 'assigned_to_user_id': None, 'created_at': '2026-04-29T10:26:57.212270+00:00', ...}.get</failure></testcase><testcase classname="tests.test_racking_notes.TestReceiptNoteStatus" name="test_filter_by_status_racking_pending" time="0.047" /><testcase classname="tests.test_racking_notes.TestRackingNoteNextNo" name="test_next_no_format_and_max_plus_one" time="0.094" /><testcase classname="tests.test_racking_notes.TestRackingNotePrepare" name="test_prepare_returns_master_fields_and_locations" time="0.092"><failure message="AssertionError: {&quot;detail&quot;:[{&quot;type&quot;:&quot;missing&quot;,&quot;loc&quot;:[&quot;body&quot;,&quot;items&quot;,0,&quot;invoice_qty&quot;],&quot;msg&quot;:&quot;Field required&quot;,&quot;input&quot;:{&quot;part_no&quot;:&quot;4093678&quot;,&quot;make&quot;:&quot;CSP&quot;,&quot;quantity&quot;:4},&quot;url&quot;:&quot;https://errors.pydantic.dev/2.12/v/missing&quot;}]}&#10;assert 422 == 200&#10; +  where 422 = &lt;Response [422]&gt;.status_code">E   AssertionError: {"detail":[{"type":"missing","loc":["body","items",0,"invoice_qty"],"msg":"Field required","input":{"part_no":"4093678","make":"CSP","quantity":4},"url":"https://errors.pydantic.dev/2.12/v/missing"}]}
    assert 422 == 200
     +  where 422 = &lt;Response [422]&gt;.status_code</failure></testcase><testcase classname="tests.test_racking_notes.TestRackingNotePrepare" name="test_prepare_404_for_unknown_rn" time="0.054" /><testcase classname="tests.test_racking_notes.TestRackingNoteCRUDAndRecord" name="test_post_validation_missing_rn" time="0.046" /><testcase classname="tests.test_racking_notes.TestRackingNoteCRUDAndRecord" name="test_post_validation_missing_location" time="0.093"><failure message="AssertionError: {&quot;detail&quot;:[{&quot;type&quot;:&quot;missing&quot;,&quot;loc&quot;:[&quot;body&quot;,&quot;items&quot;,0,&quot;invoice_qty&quot;],&quot;msg&quot;:&quot;Field required&quot;,&quot;input&quot;:{&quot;part_no&quot;:&quot;4093678&quot;,&quot;make&quot;:&quot;CSP&quot;,&quot;quantity&quot;:4},&quot;url&quot;:&quot;https://errors.pydantic.dev/2.12/v/missing&quot;}]}&#10;assert 422 == 200&#10; +  where 422 = &lt;Response [422]&gt;.status_code">E   AssertionError: {"detail":[{"type":"missing","loc":["body","items",0,"invoice_qty"],"msg":"Field required","input":{"part_no":"4093678","make":"CSP","quantity":4},"url":"https://errors.pydantic.dev/2.12/v/missing"}]}
    assert 422 == 200
     +  where 422 = &lt;Response [422]&gt;.status_code</failure></testcase><testcase classname="tests.test_racking_notes.TestRackingNoteCRUDAndRecord" name="test_create_then_duplicate_blocked" time="0.091"><failure message="AssertionError: {&quot;detail&quot;:[{&quot;type&quot;:&quot;missing&quot;,&quot;loc&quot;:[&quot;body&quot;,&quot;items&quot;,0,&quot;invoice_qty&quot;],&quot;msg&quot;:&quot;Field required&quot;,&quot;input&quot;:{&quot;part_no&quot;:&quot;4093678&quot;,&quot;make&quot;:&quot;CSP&quot;,&quot;quantity&quot;:4},&quot;url&quot;:&quot;https://errors.pydantic.dev/2.12/v/missing&quot;}]}&#10;assert 422 == 200&#10; +  where 422 = &lt;Response [422]&gt;.status_code">E   AssertionError: {"detail":[{"type":"missing","loc":["body","items",0,"invoice_qty"],"msg":"Field required","input":{"part_no":"4093678","make":"CSP","quantity":4},"url":"https://errors.pydantic.dev/2.12/v/missing"}]}
    assert 422 == 200
     +  where 422 = &lt;Response [422]&gt;.status_code</failure></testcase><testcase classname="tests.test_racking_notes.TestRackingNoteCRUDAndRecord" name="test_get_list_and_detail" time="0.000"><failure message="assert None">E   assert None</failure></testcase><testcase classname="tests.test_racking_notes.TestRackingNoteCRUDAndRecord" name="test_put_updates_items" time="0.000"><failure message="assert None">E   assert None</failure></testcase><testcase classname="tests.test_racking_notes.TestRackingNoteCRUDAndRecord" name="test_record_creates_in_transactions_and_flips_statuses" time="0.000"><failure message="KeyError: 'rn_id'">E   KeyError: 'rn_id'</failure></testcase><testcase classname="tests.test_racking_notes.TestRackingNoteCRUDAndRecord" name="test_record_again_blocked" time="0.048"><failure message="assert 404 == 409&#10; +  where 404 = &lt;Response [404]&gt;.status_code">E   assert 404 == 409
     +  where 404 = &lt;Response [404]&gt;.status_code</failure></testcase><testcase classname="tests.test_racking_notes.TestRackingNoteCRUDAndRecord" name="test_put_blocked_after_record" time="0.000"><failure message="KeyError: 'rn_id'">E   KeyError: 'rn_id'</failure></testcase><testcase classname="tests.test_racking_notes.TestRackingNoteCRUDAndRecord" name="test_delete_blocked_after_record" time="0.044"><failure message="assert 404 == 409&#10; +  where 404 = &lt;Response [404]&gt;.status_code">E   assert 404 == 409
     +  where 404 = &lt;Response [404]&gt;.status_code</failure></testcase><testcase classname="tests.test_racking_notes.TestRackingNoteCRUDAndRecord" name="test_rn_edit_blocked_after_record" time="0.000"><failure message="KeyError: 'rn_id'">E   KeyError: 'rn_id'</failure></testcase><testcase classname="tests.test_racking_notes.TestRackingNoteCRUDAndRecord" name="test_rn_delete_blocked_when_racked" time="0.000"><failure message="KeyError: 'rn_id'">E   KeyError: 'rn_id'</failure></testcase><testcase classname="tests.test_racking_notes.TestRackingNoteCRUDAndRecord" name="test_rn_no_longer_in_pending_filter" time="0.000"><failure message="KeyError: 'rn_id'">E   KeyError: 'rn_id'</failure></testcase><testcase classname="tests.test_racking_notes.TestRnDeleteBlockedByDraftRkn" name="test_block_rn_delete_when_draft_rkn_exists" time="0.046"><failure message="KeyError: 'id'">E   KeyError: 'id'</failure></testcase><testcase classname="tests.test_issue_picking_notes.TestIssueNoteCreate" name="test_next_no_format" time="0.366" /><testcase classname="tests.test_issue_picking_notes.TestIssueNoteCreate" name="test_post_requires_items" time="0.044" /><testcase classname="tests.test_issue_picking_notes.TestIssueNoteCreate" name="test_post_qty_must_be_positive" time="0.095" /><testcase classname="tests.test_issue_picking_notes.TestPrepareEndpoint" name="test_prepare_returns_items" time="0.117" /><testcase classname="tests.test_issue_picking_notes.TestPickingNoteFlow" name="test_partial_pick_flips_in_to_partially_picked" time="0.097" /><testcase classname="tests.test_issue_picking_notes.TestPickingNoteFlow" name="test_cumulative_overalloc_blocked" time="0.046" /><testcase classname="tests.test_issue_picking_notes.TestPickingNoteFlow" name="test_prepare_with_exclude_pn_id_restores_pending" time="0.056" /><testcase classname="tests.test_issue_picking_notes.TestPickingNoteFlow" name="test_in_edit_blocked_when_pn_exists" time="0.046" /><testcase classname="tests.test_issue_picking_notes.TestPickingNoteFlow" name="test_in_delete_blocked_when_pn_exists" time="0.046" /><testcase classname="tests.test_issue_picking_notes.TestPickingNoteFlow" name="test_put_picking_note_excludes_self" time="0.098" /><testcase classname="tests.test_issue_picking_notes.TestPickingNoteFlow" name="test_post_blocked_after_fully_picked" time="0.047" /><testcase classname="tests.test_issue_picking_notes.TestPickingNoteFlow" name="test_record_creates_out_transactions" time="0.241" /><testcase classname="tests.test_issue_picking_notes.TestPickingNoteFlow" name="test_recorded_pn_cannot_be_deleted" time="0.044" /><testcase classname="tests.test_issue_picking_notes.TestPerLocationConstraint" name="test_per_location_overpick_blocked" time="0.047"><skipped type="pytest.skip" message="Cannot create huge-qty IN for test">/app/backend/tests/test_issue_picking_notes.py:252: Cannot create huge-qty IN for test</skipped></testcase><testcase classname="tests.test_issue_picking_notes.TestStatusFilter" name="test_not_status_filter_excludes_fully_picked" time="0.140" /><testcase classname="tests.test_receipt_notes.TestNextNo" name="test_next_no_smoke" time="0.408" /><testcase classname="tests.test_receipt_notes.TestPostValidation" name="test_empty_items_rejected" time="0.053" /><testcase classname="tests.test_receipt_notes.TestPostValidation" name="test_qty_zero_rejected" time="0.045"><failure message="AssertionError: {&quot;detail&quot;:[{&quot;type&quot;:&quot;missing&quot;,&quot;loc&quot;:[&quot;body&quot;,&quot;items&quot;,0,&quot;invoice_qty&quot;],&quot;msg&quot;:&quot;Field required&quot;,&quot;input&quot;:{&quot;part_no&quot;:&quot;4093678&quot;,&quot;make&quot;:&quot;CSP&quot;,&quot;quantity&quot;:0},&quot;url&quot;:&quot;https://errors.pydantic.dev/2.12/v/missing&quot;}]}&#10;assert 422 == 400&#10; +  where 422 = &lt;Response [422]&gt;.status_code">E   AssertionError: {"detail":[{"type":"missing","loc":["body","items",0,"invoice_qty"],"msg":"Field required","input":{"part_no":"4093678","make":"CSP","quantity":0},"url":"https://errors.pydantic.dev/2.12/v/missing"}]}
    assert 422 == 400
     +  where 422 = &lt;Response [422]&gt;.status_code</failure></testcase><testcase classname="tests.test_receipt_notes.TestPostValidation" name="test_qty_negative_rejected" time="0.044" /><testcase classname="tests.test_receipt_notes.TestPostValidation" name="test_empty_part_no_rejected" time="0.082"><failure message="AssertionError: {&quot;detail&quot;:[{&quot;type&quot;:&quot;missing&quot;,&quot;loc&quot;:[&quot;body&quot;,&quot;items&quot;,0,&quot;invoice_qty&quot;],&quot;msg&quot;:&quot;Field required&quot;,&quot;input&quot;:{&quot;part_no&quot;:&quot;   &quot;,&quot;make&quot;:&quot;CSP&quot;,&quot;quantity&quot;:5},&quot;url&quot;:&quot;https://errors.pydantic.dev/2.12/v/missing&quot;}]}&#10;assert 422 == 400&#10; +  where 422 = &lt;Response [422]&gt;.status_code">E   AssertionError: {"detail":[{"type":"missing","loc":["body","items",0,"invoice_qty"],"msg":"Field required","input":{"part_no":"   ","make":"CSP","quantity":5},"url":"https://errors.pydantic.dev/2.12/v/missing"}]}
    assert 422 == 400
     +  where 422 = &lt;Response [422]&gt;.status_code</failure></testcase><testcase classname="tests.test_receipt_notes.TestPostValidation" name="test_empty_make_rejected" time="0.044"><failure message="AssertionError: {&quot;detail&quot;:[{&quot;type&quot;:&quot;missing&quot;,&quot;loc&quot;:[&quot;body&quot;,&quot;items&quot;,0,&quot;invoice_qty&quot;],&quot;msg&quot;:&quot;Field required&quot;,&quot;input&quot;:{&quot;part_no&quot;:&quot;4093678&quot;,&quot;make&quot;:&quot;  &quot;,&quot;quantity&quot;:5},&quot;url&quot;:&quot;https://errors.pydantic.dev/2.12/v/missing&quot;}]}&#10;assert 422 == 400&#10; +  where 422 = &lt;Response [422]&gt;.status_code">E   AssertionError: {"detail":[{"type":"missing","loc":["body","items",0,"invoice_qty"],"msg":"Field required","input":{"part_no":"4093678","make":"  ","quantity":5},"url":"https://errors.pydantic.dev/2.12/v/missing"}]}
    assert 422 == 400
     +  where 422 = &lt;Response [422]&gt;.status_code</failure></testcase><testcase classname="tests.test_receipt_notes.TestCreateAndFetch" name="test_create_and_increment" time="0.082"><failure message="AssertionError: {&quot;detail&quot;:[{&quot;type&quot;:&quot;missing&quot;,&quot;loc&quot;:[&quot;body&quot;,&quot;items&quot;,0,&quot;invoice_qty&quot;],&quot;msg&quot;:&quot;Field required&quot;,&quot;input&quot;:{&quot;part_no&quot;:&quot;4093678&quot;,&quot;make&quot;:&quot;CSP&quot;,&quot;quantity&quot;:2},&quot;url&quot;:&quot;https://errors.pydantic.dev/2.12/v/missing&quot;},{&quot;type&quot;:&quot;missing&quot;,&quot;loc&quot;:[&quot;body&quot;,&quot;items&quot;,1,&quot;invoice_qty&quot;],&quot;msg&quot;:&quot;Field required&quot;,&quot;input&quot;:{&quot;part_no&quot;:&quot;3922900&quot;,&quot;make&quot;:&quot;TATA&quot;,&quot;quantity&quot;:7},&quot;url&quot;:&quot;https://errors.pydantic.dev/2.12/v/missing&quot;}]}&#10;assert 422 == 200&#10; +  where 422 = &lt;Response [422]&gt;.status_code">E   AssertionError: {"detail":[{"type":"missing","loc":["body","items",0,"invoice_qty"],"msg":"Field required","input":{"part_no":"4093678","make":"CSP","quantity":2},"url":"https://errors.pydantic.dev/2.12/v/missing"},{"type":"missing","loc":["body","items",1,"invoice_qty"],"msg":"Field required","input":{"part_no":"3922900","make":"TATA","quantity":7},"url":"https://errors.pydantic.dev/2.12/v/missing"}]}
    assert 422 == 200
     +  where 422 = &lt;Response [422]&gt;.status_code</failure></testcase><testcase classname="tests.test_receipt_notes.TestCreateAndFetch" name="test_get_by_id" time="0.000"><failure message="AssertionError: previous test did not create RN&#10;assert None&#10; +  where None = TestCreateAndFetch.created_id">E   AssertionError: previous test did not create RN
    assert None
     +  where None = TestCreateAndFetch.created_id</failure></testcase><testcase classname="tests.test_receipt_notes.TestCreateAndFetch" name="test_list_contains_created" time="0.048"><failure message="assert False&#10; +  where False = any(&lt;generator object TestCreateAndFetch.test_list_contains_created.&lt;locals&gt;.&lt;genexpr&gt; at 0xff29dd4d4ba0&gt;)">E   assert False
     +  where False = any(&lt;generator object TestCreateAndFetch.test_list_contains_created.&lt;locals&gt;.&lt;genexpr&gt; at 0xff29dd4d4ba0&gt;)</failure></testcase><testcase classname="tests.test_receipt_notes.TestCreateAndFetch" name="test_get_unknown_id_404" time="0.043" /><testcase classname="tests.test_receipt_notes.TestMakeLookup" name="test_single_make" time="0.082" /><testcase classname="tests.test_receipt_notes.TestMakeLookup" name="test_multiple_makes" time="0.082" /><testcase classname="tests.test_receipt_notes.TestMakeLookup" name="test_no_make" time="0.042" /><testcase classname="tests.test_receipt_notes.TestAuthRequired" name="test_no_auth_blocked" time="0.099" /><testcase classname="tests.test_receipt_notes_v2.TestMaxSerialPlusOne" name="test_next_no_is_max_plus_one" time="0.480" /><testcase classname="tests.test_receipt_notes_v2.TestMaxSerialPlusOne" name="test_create_then_delete_reverts_next_serial" time="0.105"><failure message="AssertionError: {&quot;detail&quot;:[{&quot;type&quot;:&quot;missing&quot;,&quot;loc&quot;:[&quot;body&quot;,&quot;items&quot;,0,&quot;invoice_qty&quot;],&quot;msg&quot;:&quot;Field required&quot;,&quot;input&quot;:{&quot;part_no&quot;:&quot;4093678&quot;,&quot;make&quot;:&quot;CSP&quot;,&quot;quantity&quot;:1},&quot;url&quot;:&quot;https://errors.pydantic.dev/2.12/v/missing&quot;}]}&#10;assert 422 == 200&#10; +  where 422 = &lt;Response [422]&gt;.status_code">E   AssertionError: {"detail":[{"type":"missing","loc":["body","items",0,"invoice_qty"],"msg":"Field required","input":{"part_no":"4093678","make":"CSP","quantity":1},"url":"https://errors.pydantic.dev/2.12/v/missing"}]}
    assert 422 == 200
     +  where 422 = &lt;Response [422]&gt;.status_code</failure></testcase><testcase classname="tests.test_receipt_notes_v2.TestUpdate" name="test_setup_create" time="0.046"><failure message="AssertionError: {&quot;detail&quot;:[{&quot;type&quot;:&quot;missing&quot;,&quot;loc&quot;:[&quot;body&quot;,&quot;items&quot;,0,&quot;invoice_qty&quot;],&quot;msg&quot;:&quot;Field required&quot;,&quot;input&quot;:{&quot;part_no&quot;:&quot;4093678&quot;,&quot;make&quot;:&quot;CSP&quot;,&quot;quantity&quot;:5},&quot;url&quot;:&quot;https://errors.pydantic.dev/2.12/v/missing&quot;},{&quot;type&quot;:&quot;missing&quot;,&quot;loc&quot;:[&quot;body&quot;,&quot;items&quot;,1,&quot;invoice_qty&quot;],&quot;msg&quot;:&quot;Field required&quot;,&quot;input&quot;:{&quot;part_no&quot;:&quot;3922900&quot;,&quot;make&quot;:&quot;TATA&quot;,&quot;quantity&quot;:3},&quot;url&quot;:&quot;https://errors.pydantic.dev/2.12/v/missing&quot;}]}&#10;assert 422 == 200&#10; +  where 422 = &lt;Response [422]&gt;.status_code">E   AssertionError: {"detail":[{"type":"missing","loc":["body","items",0,"invoice_qty"],"msg":"Field required","input":{"part_no":"4093678","make":"CSP","quantity":5},"url":"https://errors.pydantic.dev/2.12/v/missing"},{"type":"missing","loc":["body","items",1,"invoice_qty"],"msg":"Field required","input":{"part_no":"3922900","make":"TATA","quantity":3},"url":"https://errors.pydantic.dev/2.12/v/missing"}]}
    assert 422 == 200
     +  where 422 = &lt;Response [422]&gt;.status_code</failure></testcase><testcase classname="tests.test_receipt_notes_v2.TestUpdate" name="test_put_updates_invoice_and_items" time="0.000"><failure message="assert None&#10; +  where None = TestUpdate.created_id">E   assert None
     +  where None = TestUpdate.created_id</failure></testcase><testcase classname="tests.test_receipt_notes_v2.TestUpdate" name="test_put_validation_empty_items" time="0.047"><failure message="AssertionError: {&quot;detail&quot;:&quot;Receipt note not found&quot;}&#10;assert 404 == 400&#10; +  where 404 = &lt;Response [404]&gt;.status_code">E   AssertionError: {"detail":"Receipt note not found"}
    assert 404 == 400
     +  where 404 = &lt;Response [404]&gt;.status_code</failure></testcase><testcase classname="tests.test_receipt_notes_v2.TestUpdate" name="test_put_validation_qty_zero" time="0.047"><failure message="AssertionError: {&quot;detail&quot;:[{&quot;type&quot;:&quot;missing&quot;,&quot;loc&quot;:[&quot;body&quot;,&quot;items&quot;,0,&quot;invoice_qty&quot;],&quot;msg&quot;:&quot;Field required&quot;,&quot;input&quot;:{&quot;part_no&quot;:&quot;4093678&quot;,&quot;make&quot;:&quot;CSP&quot;,&quot;quantity&quot;:0},&quot;url&quot;:&quot;https://errors.pydantic.dev/2.12/v/missing&quot;}]}&#10;assert 422 == 400&#10; +  where 422 = &lt;Response [422]&gt;.status_code">E   AssertionError: {"detail":[{"type":"missing","loc":["body","items",0,"invoice_qty"],"msg":"Field required","input":{"part_no":"4093678","make":"CSP","quantity":0},"url":"https://errors.pydantic.dev/2.12/v/missing"}]}
    assert 422 == 400
     +  where 422 = &lt;Response [422]&gt;.status_code</failure></testcase><testcase classname="tests.test_receipt_notes_v2.TestUpdate" name="test_put_validation_empty_part" time="0.052"><failure message="AssertionError: {&quot;detail&quot;:[{&quot;type&quot;:&quot;missing&quot;,&quot;loc&quot;:[&quot;body&quot;,&quot;items&quot;,0,&quot;invoice_qty&quot;],&quot;msg&quot;:&quot;Field required&quot;,&quot;input&quot;:{&quot;part_no&quot;:&quot;  &quot;,&quot;make&quot;:&quot;CSP&quot;,&quot;quantity&quot;:1},&quot;url&quot;:&quot;https://errors.pydantic.dev/2.12/v/missing&quot;}]}&#10;assert 422 == 400&#10; +  where 422 = &lt;Response [422]&gt;.status_code">E   AssertionError: {"detail":[{"type":"missing","loc":["body","items",0,"invoice_qty"],"msg":"Field required","input":{"part_no":"  ","make":"CSP","quantity":1},"url":"https://errors.pydantic.dev/2.12/v/missing"}]}
    assert 422 == 400
     +  where 422 = &lt;Response [422]&gt;.status_code</failure></testcase><testcase classname="tests.test_receipt_notes_v2.TestUpdate" name="test_put_validation_empty_make" time="0.045"><failure message="AssertionError: {&quot;detail&quot;:[{&quot;type&quot;:&quot;missing&quot;,&quot;loc&quot;:[&quot;body&quot;,&quot;items&quot;,0,&quot;invoice_qty&quot;],&quot;msg&quot;:&quot;Field required&quot;,&quot;input&quot;:{&quot;part_no&quot;:&quot;4093678&quot;,&quot;make&quot;:&quot;  &quot;,&quot;quantity&quot;:1},&quot;url&quot;:&quot;https://errors.pydantic.dev/2.12/v/missing&quot;}]}&#10;assert 422 == 400&#10; +  where 422 = &lt;Response [422]&gt;.status_code">E   AssertionError: {"detail":[{"type":"missing","loc":["body","items",0,"invoice_qty"],"msg":"Field required","input":{"part_no":"4093678","make":"  ","quantity":1},"url":"https://errors.pydantic.dev/2.12/v/missing"}]}
    assert 422 == 400
     +  where 422 = &lt;Response [422]&gt;.status_code</failure></testcase><testcase classname="tests.test_receipt_notes_v2.TestUpdate" name="test_put_unknown_id_404" time="0.048"><failure message="AssertionError: {&quot;detail&quot;:[{&quot;type&quot;:&quot;missing&quot;,&quot;loc&quot;:[&quot;body&quot;,&quot;items&quot;,0,&quot;invoice_qty&quot;],&quot;msg&quot;:&quot;Field required&quot;,&quot;input&quot;:{&quot;part_no&quot;:&quot;4093678&quot;,&quot;make&quot;:&quot;CSP&quot;,&quot;quantity&quot;:1},&quot;url&quot;:&quot;https://errors.pydantic.dev/2.12/v/missing&quot;}]}&#10;assert 422 == 404&#10; +  where 422 = &lt;Response [422]&gt;.status_code">E   AssertionError: {"detail":[{"type":"missing","loc":["body","items",0,"invoice_qty"],"msg":"Field required","input":{"part_no":"4093678","make":"CSP","quantity":1},"url":"https://errors.pydantic.dev/2.12/v/missing"}]}
    assert 422 == 404
     +  where 422 = &lt;Response [422]&gt;.status_code</failure></testcase><testcase classname="tests.test_receipt_notes_v2.TestUpdate" name="test_zzz_cleanup" time="0.000" /><testcase classname="tests.test_receipt_notes_v2.TestDeleteUnknown" name="test_delete_unknown_id_404" time="0.051" /></testsuite></testsuites>