<?xml version="1.0" encoding="utf-8"?><testsuites name="pytest tests"><testsuite name="pytest" errors="0" failures="1" skipped="0" tests="17" time="5.069" timestamp="2026-04-28T20:56:21.629652+00:00" hostname="agent-env-5354b8b7-a329-4906-935a-e5096a32ae7b"><testcase classname="backend.tests.test_iter21_status_workflow.TestAuth" name="test_admin_login" time="0.508" /><testcase classname="backend.tests.test_iter21_status_workflow.TestSRNFlow" name="test_rn_with_shortfall_creates_pending_srn" time="0.240" /><testcase classname="backend.tests.test_iter21_status_workflow.TestSRNFlow" name="test_partial_fulfillment_marks_srn_partially_received" time="0.279" /><testcase classname="backend.tests.test_iter21_status_workflow.TestSRNFlow" name="test_full_fulfillment_marks_complete_not_legacy_label" time="0.342" /><testcase classname="backend.tests.test_iter21_status_workflow.TestSRNFlow" name="test_finalize_partial_keeps_partially_received_and_spawns_child" time="0.369" /><testcase classname="backend.tests.test_iter21_status_workflow.TestERNFlow" name="test_rn_with_overage_creates_pending_ern" time="0.230" /><testcase classname="backend.tests.test_iter21_status_workflow.TestERNFlow" name="test_partial_accept_marks_partially_accepted" time="0.279" /><testcase classname="backend.tests.test_iter21_status_workflow.TestERNFlow" name="test_fully_decided_ern_marks_complete" time="0.453" /><testcase classname="backend.tests.test_iter21_status_workflow.TestRackingFlowAgainstRN" name="test_draft_rkn_against_rn_flips_rn_to_racking_note_draft" time="0.506" /><testcase classname="backend.tests.test_iter21_status_workflow.TestRackingFlowAgainstRN" name="test_record_rkn_yields_partially_or_fully_racked" time="0.580" /><testcase classname="backend.tests.test_iter21_status_workflow.TestRnFullyRackedRequiresAllDescendants" name="test_rn_not_fully_racked_when_srn_unracked" time="0.481"><failure message="AssertionError: RN must NOT be FULLY_RACKED while a descendant SRN has fulfilled_qty&gt;0 that has no RKN against it (got FULLY_RACKED)&#10;assert 'FULLY_RACKED' != 'FULLY_RACKED'">backend/tests/test_iter21_status_workflow.py:365: in test_rn_not_fully_racked_when_srn_unracked
    assert rn_after["status"] != "FULLY_RACKED", (
E   AssertionError: RN must NOT be FULLY_RACKED while a descendant SRN has fulfilled_qty&gt;0 that has no RKN against it (got FULLY_RACKED)
E   assert 'FULLY_RACKED' != 'FULLY_RACKED'</failure></testcase><testcase classname="backend.tests.test_iter21_status_workflow.TestRnFullyRackedRequiresAllDescendants" name="test_draft_rkn_against_srn_descendant_flips_rn_to_racking_note_draft" time="0.398" /><testcase classname="backend.tests.test_iter21_status_workflow.TestLegacyMigration" name="test_no_srn_with_fully_received_status" time="0.056" /><testcase classname="backend.tests.test_iter21_status_workflow.TestExistingEndpointsHealthy" name="test_list_endpoint_ok[/api/short-received-notes]" time="0.058" /><testcase classname="backend.tests.test_iter21_status_workflow.TestExistingEndpointsHealthy" name="test_list_endpoint_ok[/api/extra-received-notes]" time="0.052" /><testcase classname="backend.tests.test_iter21_status_workflow.TestExistingEndpointsHealthy" name="test_list_endpoint_ok[/api/racking-notes]" time="0.060" /><testcase classname="backend.tests.test_iter21_status_workflow.TestExistingEndpointsHealthy" name="test_list_endpoint_ok[/api/receipt-notes]" time="0.057" /></testsuite></testsuites>