<?xml version="1.0" encoding="utf-8"?><testsuites name="pytest tests"><testsuite name="pytest" errors="0" failures="0" skipped="0" tests="23" time="9.486" timestamp="2026-04-29T10:30:49.106268+00:00" hostname="agent-env-5354b8b7-a329-4906-935a-e5096a32ae7b"><testcase classname="tests.test_iter28_refactor_regression.TestDashboardRouter" name="test_stock_balance_shape" time="0.519" /><testcase classname="tests.test_iter28_refactor_regression.TestDashboardRouter" name="test_dashboard_stats_keys" time="0.110" /><testcase classname="tests.test_iter28_refactor_regression.TestDashboardRouter" name="test_low_stock_acl_blocks_disabled_staff" time="0.839" /><testcase classname="tests.test_iter28_refactor_regression.TestDashboardRouter" name="test_stock_summary_acl_blocks_disabled_staff" time="0.874" /><testcase classname="tests.test_iter28_refactor_regression.TestItemDetailsRouter" name="test_search_filters_by_q" time="0.506" /><testcase classname="tests.test_iter28_refactor_regression.TestItemDetailsRouter" name="test_item_details_no_objectid_in_response" time="0.110" /><testcase classname="tests.test_iter28_refactor_regression.TestItemDetailsRouter" name="test_acl_blocks_when_item_details_disabled" time="0.853" /><testcase classname="tests.test_iter28_refactor_regression.TestUploadsRouter" name="test_upload_rejects_non_image" time="0.100" /><testcase classname="tests.test_iter28_refactor_regression.TestUploadsRouter" name="test_upload_then_serve_back_authenticated" time="0.437" /><testcase classname="tests.test_iter28_refactor_regression.TestLocationsRouterNewSurfaces" name="test_godown_download_template" time="0.100" /><testcase classname="tests.test_iter28_refactor_regression.TestLocationsRouterNewSurfaces" name="test_rack_download_template" time="0.113" /><testcase classname="tests.test_iter28_refactor_regression.TestLocationsRouterNewSurfaces" name="test_box_download_template" time="0.119" /><testcase classname="tests.test_iter28_refactor_regression.TestLocationsRouterNewSurfaces" name="test_boxes_range_create" time="0.100" /><testcase classname="tests.test_iter28_refactor_regression.TestLocationsRouterNewSurfaces" name="test_godowns_bulk_delete" time="0.306" /><testcase classname="tests.test_iter28_refactor_regression.TestLocationsRouterNewSurfaces" name="test_boxes_bulk_delete" time="0.217" /><testcase classname="tests.test_iter28_refactor_regression.TestLocationsRouterNewSurfaces" name="test_acl_locations_disabled_blocks_godowns" time="0.847" /><testcase classname="tests.test_iter28_refactor_regression.TestStockMasterRouterNewSurfaces" name="test_bulk_preview_with_invalid_payload_returns_4xx" time="0.101" /><testcase classname="tests.test_iter28_refactor_regression.TestStockMasterRouterNewSurfaces" name="test_distinct_returns_list" time="0.295" /><testcase classname="tests.test_iter28_refactor_regression.TestStockMasterRouterNewSurfaces" name="test_acl_stock_master_disabled_blocks_get" time="0.832" /><testcase classname="tests.test_iter28_refactor_regression.TestStockMasterRouterNewSurfaces" name="test_acl_stock_master_disabled_blocks_post" time="0.876" /><testcase classname="tests.test_iter28_refactor_regression.TestStockMasterRouterNewSurfaces" name="test_acl_admin_bypasses" time="0.110" /><testcase classname="tests.test_iter28_refactor_regression.TestKeptInServerWorkflow" name="test_full_stock_in_then_receipt_note_finalize" time="0.321" /><testcase classname="tests.test_iter28_refactor_regression.TestKeptInServerWorkflow" name="test_racking_picking_transfer_next_no_endpoints" time="0.710" /></testsuite></testsuites>