<?xml version="1.0" encoding="utf-8"?><testsuites name="pytest tests"><testsuite name="pytest" errors="0" failures="0" skipped="0" tests="10" time="2.064" timestamp="2026-04-27T20:04:55.600343+00:00" hostname="agent-env-2894961c-dc8e-4b0d-b3e1-20592fed24c9"><testcase classname="backend.tests.test_iter19_regression.TestAuthAndMeta" name="test_auth_me" time="0.642" /><testcase classname="backend.tests.test_iter19_regression.TestAuthAndMeta" name="test_modules" time="0.064" /><testcase classname="backend.tests.test_iter19_regression.TestAuthAndMeta" name="test_dashboard_stats" time="0.066" /><testcase classname="backend.tests.test_iter19_regression.TestAuthAndMeta" name="test_godowns" time="0.070" /><testcase classname="backend.tests.test_iter19_regression.TestAuthAndMeta" name="test_stock_master" time="0.065" /><testcase classname="backend.tests.test_iter19_regression.TestReceiptNoteFlow" name="test_next_no" time="0.064" /><testcase classname="backend.tests.test_iter19_regression.TestReceiptNoteFlow" name="test_rn_create_draft_finalize_and_prepare" time="0.841" /><testcase classname="backend.tests.test_iter19_regression.TestValidation" name="test_rn_future_invoice_date_rejected" time="0.063" /><testcase classname="backend.tests.test_iter19_regression.TestValidation" name="test_prepare_nonexistent_rn" time="0.061" /><testcase classname="backend.tests.test_iter19_regression.TestStockInLookup" name="test_lookup_part_make" time="0.059" /></testsuite></testsuites>