<?xml version="1.0" encoding="utf-8"?><testsuites name="pytest tests"><testsuite name="pytest" errors="0" failures="4" skipped="0" tests="14" time="4.917" timestamp="2026-04-29T09:00:15.681649+00:00" hostname="agent-env-5354b8b7-a329-4906-935a-e5096a32ae7b"><testcase classname="backend.tests.test_iter25_inline_child_workflow.TestTC1SrnInlineChild" name="test_first_child_appended_to_parent" time="0.730" /><testcase classname="backend.tests.test_iter25_inline_child_workflow.TestTC2MultiChildAlphabet" name="test_three_children_complete_parent" time="0.361" /><testcase classname="backend.tests.test_iter25_inline_child_workflow.TestTC3PendingOverflow" name="test_overflow_400" time="0.298" /><testcase classname="backend.tests.test_iter25_inline_child_workflow.TestTC4EditChild" name="test_edit_received_qty" time="0.294"><failure message="AssertionError: {&quot;detail&quot;:&quot;Not Found&quot;}&#10;assert 404 == 200&#10; +  where 404 = &lt;Response [404]&gt;.status_code">E   AssertionError: {"detail":"Not Found"}
    assert 404 == 200
     +  where 404 = &lt;Response [404]&gt;.status_code</failure></testcase><testcase classname="backend.tests.test_iter25_inline_child_workflow.TestTC5EditDeleteBlockedByRkn" name="test_blocked_after_racked" time="0.626"><failure message="AssertionError: {&quot;detail&quot;:&quot;Not Found&quot;}&#10;assert 404 == 409&#10; +  where 404 = &lt;Response [404]&gt;.status_code">E   AssertionError: {"detail":"Not Found"}
    assert 404 == 409
     +  where 404 = &lt;Response [404]&gt;.status_code</failure></testcase><testcase classname="backend.tests.test_iter25_inline_child_workflow.TestTC6DeleteChild" name="test_delete_resets_status" time="0.295"><failure message="AssertionError: {&quot;detail&quot;:&quot;Not Found&quot;}&#10;assert 404 == 200&#10; +  where 404 = &lt;Response [404]&gt;.status_code">E   AssertionError: {"detail":"Not Found"}
    assert 404 == 200
     +  where 404 = &lt;Response [404]&gt;.status_code</failure></testcase><testcase classname="backend.tests.test_iter25_inline_child_workflow.TestTC7ErnInlineChild" name="test_first_child_appended" time="0.243" /><testcase classname="backend.tests.test_iter25_inline_child_workflow.TestTC8ErnMultiChild" name="test_two_children_complete" time="0.304" /><testcase classname="backend.tests.test_iter25_inline_child_workflow.TestTC9ErnEditDeleteBlocked" name="test_blocked_after_racked" time="0.408"><failure message="AssertionError: {&quot;detail&quot;:&quot;Not Found&quot;}&#10;assert 404 == 409&#10; +  where 404 = &lt;Response [404]&gt;.status_code">E   AssertionError: {"detail":"Not Found"}
    assert 404 == 409
     +  where 404 = &lt;Response [404]&gt;.status_code</failure></testcase><testcase classname="backend.tests.test_iter25_inline_child_workflow.TestTC10RackingSources" name="test_srn_source_rackable_only_received" time="0.093" /><testcase classname="backend.tests.test_iter25_inline_child_workflow.TestTC10RackingSources" name="test_ern_source_rackable_only_accepted" time="0.094" /><testcase classname="backend.tests.test_iter25_inline_child_workflow.TestTC11RnFullyRacked" name="test_shortfall_with_child_then_full_racking" time="0.562" /><testcase classname="backend.tests.test_iter25_inline_child_workflow.TestTC12Sanity" name="test_health_and_lists" time="0.236" /><testcase classname="backend.tests.test_iter25_inline_child_workflow.TestTC12Sanity" name="test_old_legacy_endpoints_removed" time="0.263" /></testsuite></testsuites>