<?xml version="1.0" encoding="utf-8"?><testsuites name="pytest tests"><testsuite name="pytest" errors="0" failures="0" skipped="0" tests="14" time="4.895" timestamp="2026-04-29T09:03:22.054949+00:00" hostname="agent-env-5354b8b7-a329-4906-935a-e5096a32ae7b"><testcase classname="backend.tests.test_iter25_inline_child_workflow.TestTC1SrnInlineChild" name="test_first_child_appended_to_parent" time="0.773" /><testcase classname="backend.tests.test_iter25_inline_child_workflow.TestTC2MultiChildAlphabet" name="test_three_children_complete_parent" time="0.343" /><testcase classname="backend.tests.test_iter25_inline_child_workflow.TestTC3PendingOverflow" name="test_overflow_400" time="0.329" /><testcase classname="backend.tests.test_iter25_inline_child_workflow.TestTC4EditChild" name="test_edit_received_qty" time="0.290" /><testcase classname="backend.tests.test_iter25_inline_child_workflow.TestTC5EditDeleteBlockedByRkn" name="test_blocked_after_racked" time="0.566" /><testcase classname="backend.tests.test_iter25_inline_child_workflow.TestTC6DeleteChild" name="test_delete_resets_status" time="0.334" /><testcase classname="backend.tests.test_iter25_inline_child_workflow.TestTC7ErnInlineChild" name="test_first_child_appended" time="0.247" /><testcase classname="backend.tests.test_iter25_inline_child_workflow.TestTC8ErnMultiChild" name="test_two_children_complete" time="0.289" /><testcase classname="backend.tests.test_iter25_inline_child_workflow.TestTC9ErnEditDeleteBlocked" name="test_blocked_after_racked" time="0.459" /><testcase classname="backend.tests.test_iter25_inline_child_workflow.TestTC10RackingSources" name="test_srn_source_rackable_only_received" time="0.094" /><testcase classname="backend.tests.test_iter25_inline_child_workflow.TestTC10RackingSources" name="test_ern_source_rackable_only_accepted" time="0.095" /><testcase classname="backend.tests.test_iter25_inline_child_workflow.TestTC11RnFullyRacked" name="test_shortfall_with_child_then_full_racking" time="0.539" /><testcase classname="backend.tests.test_iter25_inline_child_workflow.TestTC12Sanity" name="test_health_and_lists" time="0.237" /><testcase classname="backend.tests.test_iter25_inline_child_workflow.TestTC12Sanity" name="test_old_legacy_endpoints_removed" time="0.227" /></testsuite></testsuites>