<?xml version="1.0" encoding="utf-8"?><testsuites name="pytest tests"><testsuite name="pytest" errors="0" failures="0" skipped="0" tests="11" time="2.827" timestamp="2026-04-25T17:53:08.434066+00:00" hostname="agent-env-57bd5536-ee7c-4b0d-880b-12b989b69921"><testcase classname="backend.tests.test_live_join_enrichment.TestStockMasterLiveJoin" name="test_transactions_reflect_master_description_change" time="0.723" /><testcase classname="backend.tests.test_live_join_enrichment.TestStockMasterLiveJoin" name="test_picking_notes_list_and_byid_reflect_master" time="0.234" /><testcase classname="backend.tests.test_live_join_enrichment.TestStockMasterLiveJoin" name="test_issue_notes_list_and_byid_reflect_master" time="0.302" /><testcase classname="backend.tests.test_live_join_enrichment.TestStockMasterLiveJoin" name="test_receipt_notes_list_and_byid_enriched_with_master_fields" time="0.315" /><testcase classname="backend.tests.test_live_join_enrichment.TestStockMasterLiveJoin" name="test_racking_notes_list_and_byid_reflect_master" time="0.273" /><testcase classname="backend.tests.test_live_join_enrichment.TestLocationLiveJoin" name="test_godown_rename_propagates_to_picking_note" time="0.300" /><testcase classname="backend.tests.test_live_join_enrichment.TestLocationLiveJoin" name="test_rack_rename_propagates" time="0.242" /><testcase classname="backend.tests.test_live_join_enrichment.TestLocationLiveJoin" name="test_box_rename_propagates_box_no_and_category" time="0.197" /><testcase classname="backend.tests.test_live_join_enrichment.TestEnrichmentEdgeCases" name="test_missing_master_does_not_crash_or_drop_data" time="0.043" /><testcase classname="backend.tests.test_live_join_enrichment.TestEnrichmentEdgeCases" name="test_stock_balance_continues_to_live_join" time="0.049" /><testcase classname="backend.tests.test_live_join_enrichment.TestEnrichmentEdgeCases" name="test_low_stock_continues_to_work" time="0.061" /></testsuite></testsuites>