<?xml version="1.0" encoding="utf-8"?><testsuites name="pytest tests"><testsuite name="pytest" errors="0" failures="1" skipped="0" tests="14" time="8.071" timestamp="2026-04-25T19:01:10.190263+00:00" hostname="agent-env-57bd5536-ee7c-4b0d-880b-12b989b69921"><testcase classname="backend.tests.test_notifications.TestListAndUnreadCount" name="test_admin_login_creates_auth_login_notif" time="0.482" /><testcase classname="backend.tests.test_notifications.TestListAndUnreadCount" name="test_unread_count_endpoint" time="0.078" /><testcase classname="backend.tests.test_notifications.TestListAndUnreadCount" name="test_items_sorted_desc_by_created_at" time="0.050" /><testcase classname="backend.tests.test_notifications.TestListAndUnreadCount" name="test_limit_param" time="0.048" /><testcase classname="backend.tests.test_notifications.TestNotificationTriggers" name="test_lockout_trigger" time="2.301" /><testcase classname="backend.tests.test_notifications.TestNotificationTriggers" name="test_user_created_and_deactivated_triggers" time="0.724"><failure message="AssertionError: missing user.deactivated for user 8ad4131c-9f96-4544-b10c-525e16d40b6a; got ['user.reactivated', 'user.created']&#10;assert 'user.deactivated' in ['user.reactivated', 'user.created']">backend/tests/test_notifications.py:163: in test_user_created_and_deactivated_triggers
    assert t in types_for_uid, f"missing {t} for user {uid}; got {types_for_uid}"
E   AssertionError: missing user.deactivated for user 8ad4131c-9f96-4544-b10c-525e16d40b6a; got ['user.reactivated', 'user.created']
E   assert 'user.deactivated' in ['user.reactivated', 'user.created']</failure></testcase><testcase classname="backend.tests.test_notifications.TestNotificationTriggers" name="test_stock_master_created_and_deleted_triggers" time="0.446" /><testcase classname="backend.tests.test_notifications.TestStaffVisibility" name="test_staff_cannot_see_admin_audience_notifs" time="0.673" /><testcase classname="backend.tests.test_notifications.TestStaffVisibility" name="test_staff_cannot_see_disabled_module_notifs" time="0.396" /><testcase classname="backend.tests.test_notifications.TestStaffVisibility" name="test_staff_unread_count_lower_than_admin" time="0.100" /><testcase classname="backend.tests.test_notifications.TestMarkRead" name="test_mark_specific_ids" time="0.141" /><testcase classname="backend.tests.test_notifications.TestMarkRead" name="test_mark_specific_ids_idempotent" time="0.146" /><testcase classname="backend.tests.test_notifications.TestMarkRead" name="test_mark_all_with_null_ids" time="0.614" /><testcase classname="backend.tests.test_notifications.TestMarkRead" name="test_mark_all_empty_list_marks_all" time="1.787" /></testsuite></testsuites>