<?xml version="1.0" encoding="utf-8"?><testsuites name="pytest tests"><testsuite name="pytest" errors="0" failures="0" skipped="0" tests="14" time="3.837" timestamp="2026-04-25T15:30:23.842776+00:00" hostname="agent-env-57bd5536-ee7c-4b0d-880b-12b989b69921"><testcase classname="backend.tests.test_partial_racking.TestStatusMigrationAndFilter" name="test_no_legacy_RACKED_status" time="0.573" /><testcase classname="backend.tests.test_partial_racking.TestStatusMigrationAndFilter" name="test_not_status_filter" time="0.053" /><testcase classname="backend.tests.test_partial_racking.TestStatusMigrationAndFilter" name="test_not_status_csv" time="0.053" /><testcase classname="backend.tests.test_partial_racking.TestPrepareEndpoint" name="test_prepare_returns_pending_received_already_racked" time="0.112" /><testcase classname="backend.tests.test_partial_racking.TestCumulativeRacking" name="test_a_post_partial_5_of_first_item_flips_to_partial" time="0.343" /><testcase classname="backend.tests.test_partial_racking.TestCumulativeRacking" name="test_b_prepare_skips_fully_allocated_items" time="0.349" /><testcase classname="backend.tests.test_partial_racking.TestCumulativeRacking" name="test_c_post_overallocation_returns_400" time="0.358" /><testcase classname="backend.tests.test_partial_racking.TestCumulativeRacking" name="test_d_split_single_item_across_two_locations_in_one_rkn" time="0.341" /><testcase classname="backend.tests.test_partial_racking.TestCumulativeRacking" name="test_e_put_excludes_self_in_cumulative_validation" time="0.416" /><testcase classname="backend.tests.test_partial_racking.TestCumulativeRacking" name="test_f_prepare_with_exclude_rkn_id" time="0.063" /><testcase classname="backend.tests.test_partial_racking.TestCumulativeRacking" name="test_g_record_flips_only_rkn_not_rn" time="0.149" /><testcase classname="backend.tests.test_partial_racking.TestCumulativeRacking" name="test_h_rn_edit_delete_blocked_when_any_rkn" time="0.096" /><testcase classname="backend.tests.test_partial_racking.TestCumulativeRacking" name="test_i_delete_draft_rkn_recomputes_rn_status" time="0.108" /><testcase classname="backend.tests.test_partial_racking.TestCumulativeRacking" name="test_j_finish_all_then_rn_fully_racked" time="0.722" /></testsuite></testsuites>