<?xml version="1.0" encoding="utf-8"?><testsuites name="pytest tests"><testsuite name="pytest" errors="0" failures="0" skipped="0" tests="10" time="7.381" timestamp="2026-04-25T19:35:35.643715+00:00" hostname="agent-env-4ae1224c-4423-4066-8706-61ee8ec202a4"><testcase classname="backend.tests.test_phase3_assignment" name="test_assignable_users_endpoint" time="1.208" /><testcase classname="backend.tests.test_phase3_assignment" name="test_assignable_users_module_filter" time="0.338" /><testcase classname="backend.tests.test_phase3_assignment" name="test_receipt_note_create_with_assignee" time="0.329" /><testcase classname="backend.tests.test_phase3_assignment" name="test_receipt_note_assignment_blocks_other_staff" time="1.230" /><testcase classname="backend.tests.test_phase3_assignment" name="test_receipt_note_unassigned_allows_anyone" time="0.305" /><testcase classname="backend.tests.test_phase3_assignment" name="test_receipt_note_admin_bypass" time="0.330" /><testcase classname="backend.tests.test_phase3_assignment" name="test_receipt_note_assignee_invalid_user" time="0.103" /><testcase classname="backend.tests.test_phase3_assignment" name="test_issue_note_assignment_blocks_other_staff" time="1.012" /><testcase classname="backend.tests.test_phase3_assignment" name="test_picking_note_blocked_for_other_when_in_assigned" time="1.206" /><testcase classname="backend.tests.test_phase3_assignment" name="test_racking_note_blocked_for_other_when_rn_assigned" time="1.257" /></testsuite></testsuites>