<?xml version="1.0" encoding="utf-8"?><testsuites name="pytest tests"><testsuite name="pytest" errors="0" failures="0" skipped="0" tests="25" time="4.954" timestamp="2026-04-24T17:52:18.567359+00:00" hostname="agent-env-57bd5536-ee7c-4b0d-880b-12b989b69921"><testcase classname="backend.tests.backend_test.TestAuth" name="test_register_new_user" time="0.494" /><testcase classname="backend.tests.backend_test.TestAuth" name="test_me_requires_auth" time="0.177" /><testcase classname="backend.tests.backend_test.TestAuth" name="test_me_with_token" time="0.530" /><testcase classname="backend.tests.backend_test.TestAuth" name="test_login_invalid" time="0.325" /><testcase classname="backend.tests.backend_test.TestAuth" name="test_protected_endpoint_no_token" time="0.184" /><testcase classname="backend.tests.backend_test.TestStockMaster" name="test_create_item" time="0.158" /><testcase classname="backend.tests.backend_test.TestStockMaster" name="test_duplicate_part_make_rejected" time="0.184" /><testcase classname="backend.tests.backend_test.TestStockMaster" name="test_same_part_diff_make_allowed" time="0.148" /><testcase classname="backend.tests.backend_test.TestStockMaster" name="test_get_by_id_and_search" time="0.228" /><testcase classname="backend.tests.backend_test.TestStockMaster" name="test_lookup_makes" time="0.107" /><testcase classname="backend.tests.backend_test.TestStockMaster" name="test_lookup_item" time="0.120" /><testcase classname="backend.tests.backend_test.TestStockMaster" name="test_update_item" time="0.274" /><testcase classname="backend.tests.backend_test.TestStockMaster" name="test_bulk_upload" time="0.122" /><testcase classname="backend.tests.backend_test.TestLocationsAndTransactions" name="test_create_hierarchy" time="0.373" /><testcase classname="backend.tests.backend_test.TestLocationsAndTransactions" name="test_rack_invalid_godown" time="0.112" /><testcase classname="backend.tests.backend_test.TestLocationsAndTransactions" name="test_list_filters" time="0.222" /><testcase classname="backend.tests.backend_test.TestLocationsAndTransactions" name="test_stock_in" time="0.111" /><testcase classname="backend.tests.backend_test.TestLocationsAndTransactions" name="test_stock_in_invalid_item" time="0.123" /><testcase classname="backend.tests.backend_test.TestLocationsAndTransactions" name="test_stock_in_bad_qty" time="0.114" /><testcase classname="backend.tests.backend_test.TestLocationsAndTransactions" name="test_stock_out_insufficient" time="0.117" /><testcase classname="backend.tests.backend_test.TestLocationsAndTransactions" name="test_stock_out_ok" time="0.119" /><testcase classname="backend.tests.backend_test.TestLocationsAndTransactions" name="test_balance" time="0.108" /><testcase classname="backend.tests.backend_test.TestLocationsAndTransactions" name="test_low_stock" time="0.131" /><testcase classname="backend.tests.backend_test.TestLocationsAndTransactions" name="test_transactions_list" time="0.128" /><testcase classname="backend.tests.backend_test.TestLocationsAndTransactions" name="test_dashboard_stats" time="0.113" /></testsuite></testsuites>