<?xml version="1.0" encoding="utf-8"?><testsuites name="pytest tests"><testsuite name="pytest" errors="0" failures="0" skipped="0" tests="18" time="2.528" timestamp="2026-04-25T14:37:24.869088+00:00" hostname="agent-env-57bd5536-ee7c-4b0d-880b-12b989b69921"><testcase classname="backend.tests.test_racking_notes.TestReceiptNoteStatus" name="test_all_existing_rns_have_status" time="0.543" /><testcase classname="backend.tests.test_racking_notes.TestReceiptNoteStatus" name="test_filter_by_status_racking_pending" time="0.048" /><testcase classname="backend.tests.test_racking_notes.TestRackingNoteNextNo" name="test_next_no_format_and_max_plus_one" time="0.095" /><testcase classname="backend.tests.test_racking_notes.TestRackingNotePrepare" name="test_prepare_returns_master_fields_and_locations" time="0.097" /><testcase classname="backend.tests.test_racking_notes.TestRackingNotePrepare" name="test_prepare_404_for_unknown_rn" time="0.046" /><testcase classname="backend.tests.test_racking_notes.TestRackingNoteCRUDAndRecord" name="test_post_validation_missing_rn" time="0.044" /><testcase classname="backend.tests.test_racking_notes.TestRackingNoteCRUDAndRecord" name="test_post_validation_missing_location" time="0.094" /><testcase classname="backend.tests.test_racking_notes.TestRackingNoteCRUDAndRecord" name="test_create_then_duplicate_blocked" time="0.243" /><testcase classname="backend.tests.test_racking_notes.TestRackingNoteCRUDAndRecord" name="test_get_list_and_detail" time="0.088" /><testcase classname="backend.tests.test_racking_notes.TestRackingNoteCRUDAndRecord" name="test_put_updates_items" time="0.092" /><testcase classname="backend.tests.test_racking_notes.TestRackingNoteCRUDAndRecord" name="test_record_creates_in_transactions_and_flips_statuses" time="0.237" /><testcase classname="backend.tests.test_racking_notes.TestRackingNoteCRUDAndRecord" name="test_record_again_blocked" time="0.044" /><testcase classname="backend.tests.test_racking_notes.TestRackingNoteCRUDAndRecord" name="test_put_blocked_after_record" time="0.043" /><testcase classname="backend.tests.test_racking_notes.TestRackingNoteCRUDAndRecord" name="test_delete_blocked_after_record" time="0.048" /><testcase classname="backend.tests.test_racking_notes.TestRackingNoteCRUDAndRecord" name="test_rn_edit_blocked_after_record" time="0.117" /><testcase classname="backend.tests.test_racking_notes.TestRackingNoteCRUDAndRecord" name="test_rn_delete_blocked_when_racked" time="0.048" /><testcase classname="backend.tests.test_racking_notes.TestRackingNoteCRUDAndRecord" name="test_rn_no_longer_in_pending_filter" time="0.048" /><testcase classname="backend.tests.test_racking_notes.TestRnDeleteBlockedByDraftRkn" name="test_block_rn_delete_when_draft_rkn_exists" time="0.460" /></testsuite></testsuites>