<?xml version="1.0" encoding="utf-8"?><testsuites name="pytest tests"><testsuite name="pytest" errors="0" failures="0" skipped="0" tests="11" time="1.527" timestamp="2026-04-25T13:34:24.487076+00:00" hostname="agent-env-57bd5536-ee7c-4b0d-880b-12b989b69921"><testcase classname="backend.tests.test_receipt_notes_v2.TestMaxSerialPlusOne" name="test_next_no_is_max_plus_one" time="0.622" /><testcase classname="backend.tests.test_receipt_notes_v2.TestMaxSerialPlusOne" name="test_create_then_delete_reverts_next_serial" time="0.303" /><testcase classname="backend.tests.test_receipt_notes_v2.TestUpdate" name="test_setup_create" time="0.053" /><testcase classname="backend.tests.test_receipt_notes_v2.TestUpdate" name="test_put_updates_invoice_and_items" time="0.112" /><testcase classname="backend.tests.test_receipt_notes_v2.TestUpdate" name="test_put_validation_empty_items" time="0.052" /><testcase classname="backend.tests.test_receipt_notes_v2.TestUpdate" name="test_put_validation_qty_zero" time="0.062" /><testcase classname="backend.tests.test_receipt_notes_v2.TestUpdate" name="test_put_validation_empty_part" time="0.048" /><testcase classname="backend.tests.test_receipt_notes_v2.TestUpdate" name="test_put_validation_empty_make" time="0.049" /><testcase classname="backend.tests.test_receipt_notes_v2.TestUpdate" name="test_put_unknown_id_404" time="0.049" /><testcase classname="backend.tests.test_receipt_notes_v2.TestUpdate" name="test_zzz_cleanup" time="0.046" /><testcase classname="backend.tests.test_receipt_notes_v2.TestDeleteUnknown" name="test_delete_unknown_id_404" time="0.047" /></testsuite></testsuites>