<?xml version="1.0" encoding="utf-8"?><testsuites name="pytest tests"><testsuite name="pytest" errors="0" failures="0" skipped="0" tests="14" time="1.535" timestamp="2026-04-25T12:43:26.860182+00:00" hostname="agent-env-57bd5536-ee7c-4b0d-880b-12b989b69921"><testcase classname="backend.tests.test_receipt_notes.TestNextNo" name="test_next_no_smoke" time="0.556" /><testcase classname="backend.tests.test_receipt_notes.TestPostValidation" name="test_empty_items_rejected" time="0.049" /><testcase classname="backend.tests.test_receipt_notes.TestPostValidation" name="test_qty_zero_rejected" time="0.043" /><testcase classname="backend.tests.test_receipt_notes.TestPostValidation" name="test_qty_negative_rejected" time="0.047" /><testcase classname="backend.tests.test_receipt_notes.TestPostValidation" name="test_empty_part_no_rejected" time="0.046" /><testcase classname="backend.tests.test_receipt_notes.TestPostValidation" name="test_empty_make_rejected" time="0.046" /><testcase classname="backend.tests.test_receipt_notes.TestCreateAndFetch" name="test_create_and_increment" time="0.135" /><testcase classname="backend.tests.test_receipt_notes.TestCreateAndFetch" name="test_get_by_id" time="0.047" /><testcase classname="backend.tests.test_receipt_notes.TestCreateAndFetch" name="test_list_contains_created" time="0.045" /><testcase classname="backend.tests.test_receipt_notes.TestCreateAndFetch" name="test_get_unknown_id_404" time="0.045" /><testcase classname="backend.tests.test_receipt_notes.TestMakeLookup" name="test_single_make" time="0.048" /><testcase classname="backend.tests.test_receipt_notes.TestMakeLookup" name="test_multiple_makes" time="0.045" /><testcase classname="backend.tests.test_receipt_notes.TestMakeLookup" name="test_no_make" time="0.044" /><testcase classname="backend.tests.test_receipt_notes.TestAuthRequired" name="test_no_auth_blocked" time="0.113" /></testsuite></testsuites>