<?xml version="1.0" encoding="utf-8"?><testsuites name="pytest tests"><testsuite name="pytest" errors="0" failures="0" skipped="0" tests="6" time="5.689" timestamp="2026-04-25T19:54:37.386829+00:00" hostname="agent-env-4ae1224c-4423-4066-8706-61ee8ec202a4"><testcase classname="backend.tests.test_stock_transfer" name="test_str_next_no" time="0.549" /><testcase classname="backend.tests.test_stock_transfer" name="test_str_create_validates_qty_against_stock" time="0.970" /><testcase classname="backend.tests.test_stock_transfer" name="test_full_transfer_flow_and_balance" time="0.637" /><testcase classname="backend.tests.test_stock_transfer" name="test_stn_blocks_same_src_dest" time="0.339" /><testcase classname="backend.tests.test_stock_transfer" name="test_stn_assignment_blocks_other_staff" time="2.257" /><testcase classname="backend.tests.test_stock_transfer" name="test_module_access_blocks_when_disabled" time="0.871" /></testsuite></testsuites>