<?xml version="1.0" encoding="utf-8"?><testsuites name="pytest tests"><testsuite name="pytest" errors="0" failures="0" skipped="0" tests="16" time="11.969" timestamp="2026-04-25T18:43:47.976280+00:00" hostname="agent-env-57bd5536-ee7c-4b0d-880b-12b989b69921"><testcase classname="backend.tests.test_user_management.TestMetaModules" name="test_modules_returns_seven_keys" time="0.436" /><testcase classname="backend.tests.test_user_management.TestRegisterRemoved" name="test_register_endpoint_not_available" time="0.046" /><testcase classname="backend.tests.test_user_management.TestUsersCRUD" name="test_admin_list_users" time="0.051" /><testcase classname="backend.tests.test_user_management.TestUsersCRUD" name="test_create_staff_with_module_access" time="0.278" /><testcase classname="backend.tests.test_user_management.TestUsersCRUD" name="test_create_duplicate_email_rejected" time="0.329" /><testcase classname="backend.tests.test_user_management.TestUsersCRUD" name="test_create_short_password_rejected" time="0.056" /><testcase classname="backend.tests.test_user_management.TestUsersCRUD" name="test_staff_cannot_list_users" time="0.826" /><testcase classname="backend.tests.test_user_management.TestUsersCRUD" name="test_update_user_module_access_and_password" time="0.883" /><testcase classname="backend.tests.test_user_management.TestUsersCRUD" name="test_delete_soft_deactivates" time="0.487" /><testcase classname="backend.tests.test_user_management.TestLoginSecurity" name="test_login_success_updates_last_login" time="0.714" /><testcase classname="backend.tests.test_user_management.TestLoginSecurity" name="test_lockout_after_5_failed_attempts" time="2.666" /><testcase classname="backend.tests.test_user_management.TestLoginSecurity" name="test_deactivated_user_login_403" time="0.436" /><testcase classname="backend.tests.test_user_management.TestProfileSelfService" name="test_self_update_name_and_password_clears_force_reset" time="1.294" /><testcase classname="backend.tests.test_user_management.TestProfileSelfService" name="test_self_short_password_rejected" time="0.726" /><testcase classname="backend.tests.test_user_management.TestModuleRBAC" name="test_staff_blocked_on_disabled_module" time="0.943" /><testcase classname="backend.tests.test_user_management.TestModuleRBAC" name="test_admin_always_allowed" time="1.690" /></testsuite></testsuites>